#
# A fatal error has been detected by the Java Runtime Environment:
#
#  SIGSEGV (0xb) at pc=0x0000000107cb6e48, pid=11581, tid=775
#
# JRE version: OpenJDK Runtime Environment Zulu11.52+13-CA (11.0.13+8) (build 11.0.13+8-LTS)
# Java VM: OpenJDK 64-Bit Server VM Zulu11.52+13-CA (11.0.13+8-LTS, mixed mode, tiered, compressed oops, g1 gc, bsd-amd64)
# Problematic frame:
# C  [StataSE+0x129e48]
#
# No core dump will be written. Core dumps have been disabled. To enable core dumping, try "ulimit -c unlimited" before starting Java again
#
# If you would like to submit a bug report, please visit:
#   http://www.azul.com/support/
# The crash happened outside the Java Virtual Machine in native code.
# See problematic frame for where to report the bug.
#

---------------  S U M M A R Y ------------

Command Line: -Xmx4096M -Xss2M -XX:ErrorFile=/dev/null 

Host: MacBookAir5,2 x86_64 1800 MHz, 4 cores, 4G, Darwin 19.6.0
Time: Thu Jan 20 15:58:47 2022 KST elapsed time: 24874.448244 seconds (0d 6h 54m 34s)

---------------  T H R E A D  ---------------

Current thread (0x00007fa6c5022000):  JavaThread "main" [_thread_in_native, id=775, stack(0x00007ffee7873000,0x00007ffee8073000)]

Stack: [0x00007ffee7873000,0x00007ffee8073000],  sp=0x00007ffee806d680,  free space=8169k
Native frames: (J=compiled Java code, A=aot compiled Java code, j=interpreted, Vv=VM code, C=native code)
C  [StataSE+0x129e48]
C  [Foundation+0x9b152]  __NSFireDelayedPerform+0x19f
C  [CoreFoundation+0x9edb8]  __CFRUNLOOP_IS_CALLING_OUT_TO_A_TIMER_CALLBACK_FUNCTION__+0x14
C  [CoreFoundation+0x9e91e]  __CFRunLoopDoTimer+0x368
C  [CoreFoundation+0x9e409]  __CFRunLoopDoTimers+0x142
C  [CoreFoundation+0x8306d]  __CFRunLoopRun+0x75d
C  [CoreFoundation+0x822b3]  CFRunLoopRunSpecific+0x1d2
C  [HIToolbox+0x2faad]  RunCurrentEventLoopInMode+0x124
C  [HIToolbox+0x2f7c5]  ReceiveNextEventCommon+0x248
C  [HIToolbox+0x2f569]  _BlockUntilNextEventMatchingListInModeWithFilter+0x40
C  [AppKit+0x41659]  _DPSNextEvent+0x373
C  [AppKit+0x3fea0]  -[NSApplication(NSEvent) _nextEventMatchingEventMask:untilDate:inMode:dequeue:]+0x548
C  [StataSE+0x1aa35]
C  [StataSE+0x1ab8a]
C  [StataSE+0x1afa6]
C  [StataSE+0x97e4d2]
C  [StataSE+0x160e85]
C  [StataSE+0x8964f7]
C  [StataSE+0x8961d5]
C  [StataSE+0x649c0f]
C  [StataSE+0x8dad45]
C  [libdyld.dylib+0x1acc9]  start+0x1


siginfo: si_signo: 11 (SIGSEGV), si_code: 1 (SEGV_MAPERR), si_addr: 0x00007fa6c4536ba4

Register to memory mapping:

RAX=0x00007fa6c4536000 is an unknown value
RBX=0x00007fa6c4536000 is an unknown value
RCX=0x11c12e4035a400b1 is an unknown value
RDX=0x0 is NULL
RSP=0x00007ffee806d680 is pointing into the stack for thread: 0x00007fa6c5022000
RBP=0x00007ffee806d6f0 is pointing into the stack for thread: 0x00007fa6c5022000
RSI=0x000060000168b1c0 points into unknown readable memory: 0x00000000a7baadb1 | b1 ad ba a7 00 00 00 00
RDI=0x00007ffee806d658 is pointing into the stack for thread: 0x00007fa6c5022000
R8 =0x0 is NULL
R9 =0x0000000000000001 is an unknown value
R10=0x00007fff88d5a008: OBJC_CLASS_$_NSConcreteValue+0 in /System/Library/Frameworks/Foundation.framework/Versions/C/Foundation at 0x00007fff33512000
R11=0x00001ffee69e2498 is an unknown value
R12=0x00007fff7508d6b1: GCC_except_table741+0xb50c7f5 in /usr/lib/libobjc.A.dylib at 0x00007fff69b52000
R13=0x0000600002eecb60 points into unknown readable memory: 0x003d80010b923be5 | e5 3b 92 0b 01 80 3d 00
R14=0x00007fff7508c04a: GCC_except_table741+0xb50b18e in /usr/lib/libobjc.A.dylib at 0x00007fff69b52000
R15=0x000060000168b1a0 points into unknown readable memory: 0x001dffff88d5a009 | 09 a0 d5 88 ff ff 1d 00


Registers:
RAX=0x00007fa6c4536000, RBX=0x00007fa6c4536000, RCX=0x11c12e4035a400b1, RDX=0x0000000000000000
RSP=0x00007ffee806d680, RBP=0x00007ffee806d6f0, RSI=0x000060000168b1c0, RDI=0x00007ffee806d658
R8 =0x0000000000000000, R9 =0x0000000000000001, R10=0x00007fff88d5a008, R11=0x00001ffee69e2498
R12=0x00007fff7508d6b1, R13=0x0000600002eecb60, R14=0x00007fff7508c04a, R15=0x000060000168b1a0
RIP=0x0000000107cb6e48, EFLAGS=0x0000000000010206, ERR=0x0000000000000006
  TRAPNO=0x000000000000000e

Top of Stack: (sp=0x00007ffee806d680)
0x00007ffee806d680:   0000000000000000 4050400000000000
0x00007ffee806d690:   4096880000000000 4089200000000000
0x00007ffee806d6a0:   0000000000000000 4050400000000000
0x00007ffee806d6b0:   4096880000000000 4089200000000000
0x00007ffee806d6c0:   ffffffffffffffff 00007fff886f1af0
0x00007ffee806d6d0:   ffffffffffffffff 00007fff886f1b10
0x00007ffee806d6e0:   00007fff886f1af0 00007fff886f1b10
0x00007ffee806d6f0:   00007ffee806d780 00007fff335ad152
0x00007ffee806d700:   7ffffffffffffffe 00007fff75090a13
0x00007ffee806d710:   00007fff7508bd04 00007fa6c580a230
0x00007ffee806d720:   000060000343f610 0000600002eecb60
0x00007ffee806d730:   000000010b572dd1 000060000168b1a0
0x00007ffee806d740:   00006000015906c0 000060000228fe40
0x00007ffee806d750:   00006000033df120 0000600000fe9cc0
0x00007ffee806d760:   00007fff335acfb3 000060000228fe58
0x00007ffee806d770:   000060000228fe40 0000600002bf0c00
0x00007ffee806d780:   00007ffee806d790 00007fff30eccdb8
0x00007ffee806d790:   00007ffee806e840 00007fff30ecc91e
0x00007ffee806d7a0:   41e9252d8b18fdeb 0000600002cf00e0
0x00007ffee806d7b0:   000054a9dde792cd 0000600002bf0cc0
0x00007ffee806d7c0:   0000000000000000 0000600002cf00d0
0x00007ffee806d7d0:   0000600002bf0c10 0000000000000000
0x00007ffee806d7e0:   0000600000fe9cc0 00006000019450b0
0x00007ffee806d7f0:   ffffffffffffffff 00007fff6ae45bd9
0x00007ffee806d800:   11c12e4035a400b1 00007fff2f154e01
0x00007ffee806d810:   0000600002cf00d0 0000000000000002
0x00007ffee806d820:   00007fff2f154e01 00006000019450b0
0x00007ffee806d830:   00007ffee806e8c0 00007fff30eb2738
0x00007ffee806d840:   0000000000000000 0000600002cf00e0
0x00007ffee806d850:   0000600002bf0c10 000000000000008c
0x00007ffee806d860:   00007ffee806e9a0 00007ffee806e980
0x00007ffee806d870:   0000000000000000 0000000000000000 

Instructions: (pc=0x0000000107cb6e48)
0x0000000107cb6d48:   c0 74 19 48 8b 35 de 26 c6 03 48 89 c7 48 89 da
0x0000000107cb6d58:   48 83 c4 08 5b 5d ff 25 84 a8 b9 03 48 83 c4 08
0x0000000107cb6d68:   5b 5d c3 0f 1f 44 00 00 55 48 89 e5 41 57 41 56
0x0000000107cb6d78:   41 55 41 54 53 48 83 ec 48 49 89 d7 49 89 fd 4c
0x0000000107cb6d88:   8b 25 1a f6 c5 03 4c 89 e6 ff 15 51 a8 b9 03 4c
0x0000000107cb6d98:   8b 35 52 f4 c5 03 48 85 c0 74 2c 48 8d 7d 90 48
0x0000000107cb6da8:   89 c6 4c 89 f2 e8 76 55 f1 01 f2 0f 10 45 a0 48
0x0000000107cb6db8:   8b 1d da 87 c6 03 66 41 0f 2e 44 1d 00 75 2c 0f
0x0000000107cb6dc8:   8b 91 00 00 00 eb 24 66 0f 57 c0 66 0f 29 45 a0
0x0000000107cb6dd8:   66 0f 29 45 90 66 0f 57 c0 48 8b 1d b0 87 c6 03
0x0000000107cb6de8:   66 41 0f 2e 44 1d 00 75 02 7b 6b 4c 01 eb 4c 89
0x0000000107cb6df8:   ef 4c 89 e6 ff 15 e6 a7 b9 03 48 85 c0 74 11 48
0x0000000107cb6e08:   8d 7d b0 48 89 c6 4c 89 f2 e8 12 55 f1 01 eb 0e
0x0000000107cb6e18:   66 0f 57 c0 66 0f 29 45 c0 66 0f 29 45 b0 48 8b
0x0000000107cb6e28:   45 c0 48 8b 4d c8 48 89 4b 08 48 89 03 48 8b 35
0x0000000107cb6e38:   8c 0a c6 03 4c 89 ff ff 15 a3 a7 b9 03 48 89 c3
0x0000000107cb6e48:   c6 80 a4 0b 00 00 01 48 89 c7 e8 a9 19 98 00 c6
0x0000000107cb6e58:   83 a4 0b 00 00 00 48 83 c4 48 5b 41 5c 41 5d 41
0x0000000107cb6e68:   5e 41 5f 5d c3 0f 1f 00 55 48 89 e5 41 57 41 56
0x0000000107cb6e78:   41 55 41 54 53 48 83 ec 18 49 89 d6 49 89 ff 48
0x0000000107cb6e88:   8b 35 1a f5 c5 03 4c 8b 2d 53 a7 b9 03 41 ff d5
0x0000000107cb6e98:   48 89 c3 48 8b 35 56 f5 c5 03 4c 89 f7 4d 89 ec
0x0000000107cb6ea8:   41 ff d5 48 39 c3 75 21 48 8b 35 91 16 c6 03 48
0x0000000107cb6eb8:   89 df 4c 89 e3 41 ff d4 48 8b 35 f1 41 c6 03 48
0x0000000107cb6ec8:   89 c7 41 ff d4 84 c0 74 0f 48 83 c4 18 5b 41 5c
0x0000000107cb6ed8:   41 5d 41 5e 41 5f 5d c3 48 8b 35 79 52 c6 03 4c
0x0000000107cb6ee8:   89 ff 4c 89 e3 41 ff d4 49 89 c5 48 8b 35 6e 52
0x0000000107cb6ef8:   c6 03 4c 89 ff 41 ff d4 4d 85 ed 74 cc 48 85 c0
0x0000000107cb6f08:   74 c7 48 8b 1d df 59 c6 03 48 8b 3d f0 5e c6 03
0x0000000107cb6f18:   48 8b 35 89 1f c6 03 48 89 45 c8 48 89 c2 4d 89
0x0000000107cb6f28:   e6 41 ff d4 48 8b 35 2d fa c5 03 48 89 df 4c 89
0x0000000107cb6f38:   fa 48 8b 0d d0 52 c6 03 49 89 c0 41 ff d4 48 8b 


Stack slot to memory mapping:
stack at sp + 0 slots: 0x0 is NULL
stack at sp + 1 slots: 0x4050400000000000 is an unknown value
stack at sp + 2 slots: 0x4096880000000000 is an unknown value
stack at sp + 3 slots: 0x4089200000000000 is an unknown value
stack at sp + 4 slots: 0x0 is NULL
stack at sp + 5 slots: 0x4050400000000000 is an unknown value
stack at sp + 6 slots: 0x4096880000000000 is an unknown value
stack at sp + 7 slots: 0x4089200000000000 is an unknown value


---------------  P R O C E S S  ---------------

Threads class SMR info:
_java_thread_list=0x0000600001680ca0, length=10, elements={
0x00007fa6c5022000, 0x00007fa6c545e800, 0x00007fa6c50f5800, 0x00007fa6c58ad000,
0x00007fa6c58eb800, 0x00007fa6c5c5d800, 0x00007fa6c48b8000, 0x00007fa6c5c5e800,
0x00007fa6c5cd3800, 0x00007fa6c50d9000
}

Java Threads: ( => current thread )
=>0x00007fa6c5022000 JavaThread "main" [_thread_in_native, id=775, stack(0x00007ffee7873000,0x00007ffee8073000)]
  0x00007fa6c545e800 JavaThread "Reference Handler" daemon [_thread_blocked, id=82947, stack(0x0000700002bd4000,0x0000700002dd4000)]
  0x00007fa6c50f5800 JavaThread "Finalizer" daemon [_thread_blocked, id=46851, stack(0x0000700002dd7000,0x0000700002fd7000)]
  0x00007fa6c58ad000 JavaThread "Signal Dispatcher" daemon [_thread_blocked, id=47363, stack(0x0000700002fda000,0x00007000031da000)]
  0x00007fa6c58eb800 JavaThread "Service Thread" daemon [_thread_blocked, id=81667, stack(0x00007000031dd000,0x00007000033dd000)]
  0x00007fa6c5c5d800 JavaThread "C2 CompilerThread0" daemon [_thread_blocked, id=81155, stack(0x00007000033e0000,0x00007000034e0000)]
  0x00007fa6c48b8000 JavaThread "C1 CompilerThread0" daemon [_thread_blocked, id=48387, stack(0x00007000034e3000,0x00007000035e3000)]
  0x00007fa6c5c5e800 JavaThread "Sweeper thread" daemon [_thread_blocked, id=48899, stack(0x00007000035e6000,0x00007000037e6000)]
  0x00007fa6c5cd3800 JavaThread "Common-Cleaner" daemon [_thread_blocked, id=79619, stack(0x00007000038ec000,0x0000700003aec000)]
  0x00007fa6c50d9000 JavaThread "Thread-0" [_thread_in_native, id=9223, stack(0x0000700002333000,0x00007000023b3000)]

Other Threads:
  0x00007fa6c5089000 VMThread "VM Thread" [stack: 0x0000700002ad1000,0x0000700002bd1000] [id=46375]
  0x00007fa6c5445800 WatcherThread [stack: 0x00007000037e9000,0x00007000038e9000] [id=49427]
  0x00007fa6c591b000 GCTaskThread "GC Thread#0" [stack: 0x00007000025c2000,0x00007000026c2000] [id=85763]
  0x00007fa6c5632000 GCTaskThread "GC Thread#1" [stack: 0x0000700003cf2000,0x0000700003df2000] [id=62979]
  0x00007fa6c5d39000 GCTaskThread "GC Thread#2" [stack: 0x0000700003df5000,0x0000700003ef5000] [id=63491]
  0x00007fa6c5ee6800 GCTaskThread "GC Thread#3" [stack: 0x0000700003ef8000,0x0000700003ff8000] [id=67075]
  0x00007fa6c59f1800 ConcurrentGCThread "G1 Main Marker" [stack: 0x00007000026c5000,0x00007000027c5000] [id=44807]
  0x00007fa6c5908000 ConcurrentGCThread "G1 Conc#0" [stack: 0x00007000027c8000,0x00007000028c8000] [id=45315]
  0x00007fa6c5117800 ConcurrentGCThread "G1 Refine#0" [stack: 0x00007000028cb000,0x00007000029cb000] [id=45595]
  0x00007fa6c662e000 ConcurrentGCThread "G1 Refine#1" [stack: 0x0000700003ffb000,0x00007000040fb000] [id=64003]
  0x00007fa6c50fc000 ConcurrentGCThread "G1 Young RemSet Sampling" [stack: 0x00007000029ce000,0x0000700002ace000] [id=84483]

Threads with active compile tasks:

VM state:not at safepoint (normal execution)

VM Mutex/Monitor currently owned by a thread: None

Heap address: 0x0000000700000000, size: 4096 MB, Compressed Oops mode: Zero based, Oop shift amount: 3
Narrow klass base: 0x0000000800000000, Narrow klass shift: 0
Compressed class space size: 1073741824 Address: 0x0000000800000000

Heap:
 garbage-first heap   total 27648K, used 7543K [0x0000000700000000, 0x0000000800000000)
  region size 1024K, 1 young (1024K), 0 survivors (0K)
 Metaspace       used 17253K, capacity 17470K, committed 18176K, reserved 1064960K
  class space    used 1711K, capacity 1821K, committed 2048K, reserved 1048576K
Heap Regions: E=young(eden), S=young(survivor), O=old, HS=humongous(starts), HC=humongous(continues), CS=collection set, F=free, A=archive, TAMS=top-at-mark-start (previous, next)
|   0|0x0000000700000000, 0x0000000700100000, 0x0000000700100000|100%|HS|  |TAMS 0x0000000700000000, 0x0000000700000000| Untracked 
|   1|0x0000000700100000, 0x0000000700200000, 0x0000000700200000|100%| O|  |TAMS 0x0000000700100000, 0x0000000700100000| Untracked 
|   2|0x0000000700200000, 0x0000000700300000, 0x0000000700300000|100%|HS|  |TAMS 0x0000000700200000, 0x0000000700200000| Untracked 
|   3|0x0000000700300000, 0x0000000700400000, 0x0000000700400000|100%|HC|  |TAMS 0x0000000700300000, 0x0000000700300000| Untracked 
|   4|0x0000000700400000, 0x00000007004ffff8, 0x0000000700500000| 99%| O|  |TAMS 0x0000000700400000, 0x0000000700400000| Untracked 
|   5|0x0000000700500000, 0x00000007005ffff0, 0x0000000700600000| 99%| O|  |TAMS 0x0000000700500000, 0x0000000700500000| Untracked 
|   6|0x0000000700600000, 0x0000000700700000, 0x0000000700700000|100%| O|  |TAMS 0x0000000700600000, 0x0000000700600000| Untracked 
|   7|0x0000000700700000, 0x000000070075d9a8, 0x0000000700800000| 36%| O|  |TAMS 0x0000000700700000, 0x0000000700700000| Untracked 
|   8|0x0000000700800000, 0x0000000700800528, 0x0000000700900000|  0%| O|  |TAMS 0x0000000700800000, 0x0000000700800000| Untracked 
|   9|0x0000000700900000, 0x0000000700900000, 0x0000000700a00000|  0%| F|  |TAMS 0x0000000700900000, 0x0000000700900000| Untracked 
|  10|0x0000000700a00000, 0x0000000700a00000, 0x0000000700b00000|  0%| F|  |TAMS 0x0000000700a00000, 0x0000000700a00000| Untracked 
|  11|0x0000000700b00000, 0x0000000700b00000, 0x0000000700c00000|  0%| F|  |TAMS 0x0000000700b00000, 0x0000000700b00000| Untracked 
|  12|0x0000000700c00000, 0x0000000700c00000, 0x0000000700d00000|  0%| F|  |TAMS 0x0000000700c00000, 0x0000000700c00000| Untracked 
|  13|0x0000000700d00000, 0x0000000700d00000, 0x0000000700e00000|  0%| F|  |TAMS 0x0000000700d00000, 0x0000000700d00000| Untracked 
|  14|0x0000000700e00000, 0x0000000700e00000, 0x0000000700f00000|  0%| F|  |TAMS 0x0000000700e00000, 0x0000000700e00000| Untracked 
|  15|0x0000000700f00000, 0x0000000700f00000, 0x0000000701000000|  0%| F|  |TAMS 0x0000000700f00000, 0x0000000700f00000| Untracked 
|  16|0x0000000701000000, 0x0000000701000000, 0x0000000701100000|  0%| F|  |TAMS 0x0000000701000000, 0x0000000701000000| Untracked 
|  17|0x0000000701100000, 0x0000000701100000, 0x0000000701200000|  0%| F|  |TAMS 0x0000000701100000, 0x0000000701100000| Untracked 
|  18|0x0000000701200000, 0x0000000701200000, 0x0000000701300000|  0%| F|  |TAMS 0x0000000701200000, 0x0000000701200000| Untracked 
|  19|0x0000000701300000, 0x0000000701300000, 0x0000000701400000|  0%| F|  |TAMS 0x0000000701300000, 0x0000000701300000| Untracked 
|  20|0x0000000701400000, 0x0000000701400000, 0x0000000701500000|  0%| F|  |TAMS 0x0000000701400000, 0x0000000701400000| Untracked 
|  21|0x0000000701500000, 0x0000000701500000, 0x0000000701600000|  0%| F|  |TAMS 0x0000000701500000, 0x0000000701500000| Untracked 
|  22|0x0000000701600000, 0x0000000701600000, 0x0000000701700000|  0%| F|  |TAMS 0x0000000701600000, 0x0000000701600000| Untracked 
|  23|0x0000000701700000, 0x0000000701700000, 0x0000000701800000|  0%| F|  |TAMS 0x0000000701700000, 0x0000000701700000| Untracked 
|  24|0x0000000701800000, 0x0000000701800000, 0x0000000701900000|  0%| F|  |TAMS 0x0000000701800000, 0x0000000701800000| Untracked 
|  25|0x0000000701900000, 0x0000000701900000, 0x0000000701a00000|  0%| F|  |TAMS 0x0000000701900000, 0x0000000701900000| Untracked 
|  26|0x0000000701a00000, 0x0000000701a2a0d0, 0x0000000701b00000| 16%| E|  |TAMS 0x0000000701a00000, 0x0000000701a00000| Complete 

Card table byte_map: [0x00000001127ca000,0x0000000112fca000] _byte_map_base: 0x000000010efca000

Marking Bits (Prev, Next): (CMBitMap*) 0x00007fa6c597ec18, (CMBitMap*) 0x00007fa6c597ec50
 Prev Bits: [0x000000012b467000, 0x000000012f467000)
 Next Bits: [0x000000012f467000, 0x0000000133467000)

Polling page: 0x000000011063e000

Metaspace:

Usage:
  Non-class:     15.28 MB capacity,    15.18 MB (>99%) used,    87.84 KB ( <1%) free+waste,    19.38 KB ( <1%) overhead. 
      Class:      1.78 MB capacity,     1.67 MB ( 94%) used,   101.77 KB (  6%) free+waste,     7.75 KB ( <1%) overhead. 
       Both:     17.06 MB capacity,    16.85 MB ( 99%) used,   189.61 KB (  1%) free+waste,    27.12 KB ( <1%) overhead. 

Virtual space:
  Non-class space:       16.00 MB reserved,      15.75 MB ( 98%) committed 
      Class space:        1.00 GB reserved,       2.00 MB ( <1%) committed 
             Both:        1.02 GB reserved,      17.75 MB (  2%) committed 

Chunk freelists:
   Non-Class:  271.00 KB
       Class:  131.00 KB
        Both:  402.00 KB

MaxMetaspaceSize: unlimited
CompressedClassSpaceSize: 1.00 GB
Initial GC threshold: 20.80 MB
Current GC threshold: 29.38 MB
CDS: off

CodeHeap 'non-profiled nmethods': size=120032Kb used=424Kb max_used=424Kb free=119607Kb
 bounds [0x0000000123f2f000, 0x000000012419f000, 0x000000012b467000]
CodeHeap 'profiled nmethods': size=120032Kb used=2433Kb max_used=2433Kb free=117598Kb
 bounds [0x000000011c9f7000, 0x000000011cc67000, 0x0000000123f2f000]
CodeHeap 'non-nmethods': size=5696Kb used=1211Kb max_used=1223Kb free=4484Kb
 bounds [0x000000011c467000, 0x000000011c6d7000, 0x000000011c9f7000]
 total_blobs=1827 nmethods=1348 adapters=392
 compilation: enabled
              stopped_count=0, restarted_count=0
 full_count=0

Compilation events (20 events):
Event: 10854.814 Thread 0x00007fa6c48b8000 1344       3       java.util.HashSet::remove (20 bytes)
Event: 10854.816 Thread 0x00007fa6c48b8000 nmethod 1344 0x000000011cc53390 code [0x000000011cc53580, 0x000000011cc53a30]
Event: 10854.816 Thread 0x00007fa6c48b8000 1345       3       java.util.HashSet::isEmpty (8 bytes)
Event: 10854.817 Thread 0x00007fa6c48b8000 nmethod 1345 0x000000011cc53c10 code [0x000000011cc53dc0, 0x000000011cc54010]
Event: 12036.416 Thread 0x00007fa6c48b8000 1347   !   3       java.lang.ref.ReferenceQueue::remove (125 bytes)
Event: 12036.538 Thread 0x00007fa6c48b8000 nmethod 1347 0x000000011cc54110 code [0x000000011cc54340, 0x000000011cc54b90]
Event: 12156.438 Thread 0x00007fa6c48b8000 1348   !   3       jdk.internal.ref.PhantomCleanable::isListEmpty (34 bytes)
Event: 12156.440 Thread 0x00007fa6c48b8000 nmethod 1348 0x000000011cc54e90 code [0x000000011cc55040, 0x000000011cc55370]
Event: 12156.441 Thread 0x00007fa6c48b8000 1349       3       jdk.internal.misc.InnocuousThread::eraseThreadLocals (23 bytes)
Event: 12156.444 Thread 0x00007fa6c48b8000 nmethod 1349 0x000000011cc55490 code [0x000000011cc55640, 0x000000011cc55830]
Event: 13282.732 Thread 0x00007fa6c48b8000 1350       3       java.util.concurrent.locks.AbstractQueuedSynchronizer::release (33 bytes)
Event: 13282.743 Thread 0x00007fa6c48b8000 nmethod 1350 0x000000011cc55890 code [0x000000011cc55a60, 0x000000011cc55d30]
Event: 13282.744 Thread 0x00007fa6c48b8000 1351       3       java.util.concurrent.locks.ReentrantLock$Sync::nonfairTryAcquire (67 bytes)
Event: 13282.752 Thread 0x00007fa6c48b8000 nmethod 1351 0x000000011cc55e10 code [0x000000011cc560a0, 0x000000011cc56aa0]
Event: 13282.752 Thread 0x00007fa6c48b8000 1352       3       java.util.concurrent.locks.ReentrantLock$Sync::tryRelease (45 bytes)
Event: 13282.752 Thread 0x00007fa6c48b8000 nmethod 1352 0x000000011cc56e10 code [0x000000011cc57000, 0x000000011cc57340]
Event: 13283.736 Thread 0x00007fa6c48b8000 1353       3       java.util.concurrent.locks.ReentrantLock$NonfairSync::tryAcquire (6 bytes)
Event: 13283.739 Thread 0x00007fa6c48b8000 nmethod 1353 0x000000011cc57410 code [0x000000011cc575c0, 0x000000011cc576e0]
Event: 13327.023 Thread 0x00007fa6c48b8000 1354       1       java.lang.Thread::getThreadGroup (5 bytes)
Event: 13327.023 Thread 0x00007fa6c48b8000 nmethod 1354 0x0000000123f98f10 code [0x0000000123f990c0, 0x0000000123f99170]

GC Heap History (20 events):
Event: 10442.698 GC heap before
{Heap before GC invocations=20 (full 18):
 garbage-first heap   total 27648K, used 7543K [0x0000000700000000, 0x0000000800000000)
  region size 1024K, 1 young (1024K), 0 survivors (0K)
 Metaspace       used 17250K, capacity 17470K, committed 18176K, reserved 1064960K
  class space    used 1711K, capacity 1821K, committed 2048K, reserved 1048576K
}
Event: 10442.730 GC heap after
{Heap after GC invocations=21 (full 19):
 garbage-first heap   total 27648K, used 7543K [0x0000000700000000, 0x0000000800000000)
  region size 1024K, 0 young (0K), 0 survivors (0K)
 Metaspace       used 17250K, capacity 17470K, committed 18176K, reserved 1064960K
  class space    used 1711K, capacity 1821K, committed 2048K, reserved 1048576K
}
Event: 10502.770 GC heap before
{Heap before GC invocations=21 (full 19):
 garbage-first heap   total 27648K, used 7543K [0x0000000700000000, 0x0000000800000000)
  region size 1024K, 1 young (1024K), 0 survivors (0K)
 Metaspace       used 17250K, capacity 17470K, committed 18176K, reserved 1064960K
  class space    used 1711K, capacity 1821K, committed 2048K, reserved 1048576K
}
Event: 10502.794 GC heap after
{Heap after GC invocations=22 (full 20):
 garbage-first heap   total 27648K, used 7543K [0x0000000700000000, 0x0000000800000000)
  region size 1024K, 0 young (0K), 0 survivors (0K)
 Metaspace       used 17250K, capacity 17470K, committed 18176K, reserved 1064960K
  class space    used 1711K, capacity 1821K, committed 2048K, reserved 1048576K
}
Event: 10728.512 GC heap before
{Heap before GC invocations=22 (full 20):
 garbage-first heap   total 27648K, used 7543K [0x0000000700000000, 0x0000000800000000)
  region size 1024K, 1 young (1024K), 0 survivors (0K)
 Metaspace       used 17250K, capacity 17470K, committed 18176K, reserved 1064960K
  class space    used 1711K, capacity 1821K, committed 2048K, reserved 1048576K
}
Event: 10728.524 GC heap after
{Heap after GC invocations=23 (full 21):
 garbage-first heap   total 27648K, used 7543K [0x0000000700000000, 0x0000000800000000)
  region size 1024K, 0 young (0K), 0 survivors (0K)
 Metaspace       used 17250K, capacity 17470K, committed 18176K, reserved 1064960K
  class space    used 1711K, capacity 1821K, committed 2048K, reserved 1048576K
}
Event: 10814.107 GC heap before
{Heap before GC invocations=23 (full 21):
 garbage-first heap   total 27648K, used 7543K [0x0000000700000000, 0x0000000800000000)
  region size 1024K, 1 young (1024K), 0 survivors (0K)
 Metaspace       used 17250K, capacity 17470K, committed 18176K, reserved 1064960K
  class space    used 1711K, capacity 1821K, committed 2048K, reserved 1048576K
}
Event: 10814.119 GC heap after
{Heap after GC invocations=24 (full 22):
 garbage-first heap   total 27648K, used 7543K [0x0000000700000000, 0x0000000800000000)
  region size 1024K, 0 young (0K), 0 survivors (0K)
 Metaspace       used 17250K, capacity 17470K, committed 18176K, reserved 1064960K
  class space    used 1711K, capacity 1821K, committed 2048K, reserved 1048576K
}
Event: 10832.972 GC heap before
{Heap before GC invocations=24 (full 22):
 garbage-first heap   total 27648K, used 7543K [0x0000000700000000, 0x0000000800000000)
  region size 1024K, 1 young (1024K), 0 survivors (0K)
 Metaspace       used 17250K, capacity 17470K, committed 18176K, reserved 1064960K
  class space    used 1711K, capacity 1821K, committed 2048K, reserved 1048576K
}
Event: 10832.983 GC heap after
{Heap after GC invocations=25 (full 23):
 garbage-first heap   total 27648K, used 7543K [0x0000000700000000, 0x0000000800000000)
  region size 1024K, 0 young (0K), 0 survivors (0K)
 Metaspace       used 17250K, capacity 17470K, committed 18176K, reserved 1064960K
  class space    used 1711K, capacity 1821K, committed 2048K, reserved 1048576K
}
Event: 10854.803 GC heap before
{Heap before GC invocations=25 (full 23):
 garbage-first heap   total 27648K, used 7543K [0x0000000700000000, 0x0000000800000000)
  region size 1024K, 1 young (1024K), 0 survivors (0K)
 Metaspace       used 17250K, capacity 17470K, committed 18176K, reserved 1064960K
  class space    used 1711K, capacity 1821K, committed 2048K, reserved 1048576K
}
Event: 10854.814 GC heap after
{Heap after GC invocations=26 (full 24):
 garbage-first heap   total 27648K, used 7543K [0x0000000700000000, 0x0000000800000000)
  region size 1024K, 0 young (0K), 0 survivors (0K)
 Metaspace       used 17250K, capacity 17470K, committed 18176K, reserved 1064960K
  class space    used 1711K, capacity 1821K, committed 2048K, reserved 1048576K
}
Event: 10950.658 GC heap before
{Heap before GC invocations=26 (full 24):
 garbage-first heap   total 27648K, used 7543K [0x0000000700000000, 0x0000000800000000)
  region size 1024K, 1 young (1024K), 0 survivors (0K)
 Metaspace       used 17251K, capacity 17470K, committed 18176K, reserved 1064960K
  class space    used 1711K, capacity 1821K, committed 2048K, reserved 1048576K
}
Event: 10950.669 GC heap after
{Heap after GC invocations=27 (full 25):
 garbage-first heap   total 27648K, used 7543K [0x0000000700000000, 0x0000000800000000)
  region size 1024K, 0 young (0K), 0 survivors (0K)
 Metaspace       used 17251K, capacity 17470K, committed 18176K, reserved 1064960K
  class space    used 1711K, capacity 1821K, committed 2048K, reserved 1048576K
}
Event: 13282.692 GC heap before
{Heap before GC invocations=27 (full 25):
 garbage-first heap   total 27648K, used 7543K [0x0000000700000000, 0x0000000800000000)
  region size 1024K, 1 young (1024K), 0 survivors (0K)
 Metaspace       used 17251K, capacity 17470K, committed 18176K, reserved 1064960K
  class space    used 1711K, capacity 1821K, committed 2048K, reserved 1048576K
}
Event: 13282.730 GC heap after
{Heap after GC invocations=28 (full 26):
 garbage-first heap   total 27648K, used 7543K [0x0000000700000000, 0x0000000800000000)
  region size 1024K, 0 young (0K), 0 survivors (0K)
 Metaspace       used 17251K, capacity 17470K, committed 18176K, reserved 1064960K
  class space    used 1711K, capacity 1821K, committed 2048K, reserved 1048576K
}
Event: 13327.023 GC heap before
{Heap before GC invocations=28 (full 26):
 garbage-first heap   total 27648K, used 7543K [0x0000000700000000, 0x0000000800000000)
  region size 1024K, 1 young (1024K), 0 survivors (0K)
 Metaspace       used 17253K, capacity 17470K, committed 18176K, reserved 1064960K
  class space    used 1711K, capacity 1821K, committed 2048K, reserved 1048576K
}
Event: 13327.034 GC heap after
{Heap after GC invocations=29 (full 27):
 garbage-first heap   total 27648K, used 7543K [0x0000000700000000, 0x0000000800000000)
  region size 1024K, 0 young (0K), 0 survivors (0K)
 Metaspace       used 17253K, capacity 17470K, committed 18176K, reserved 1064960K
  class space    used 1711K, capacity 1821K, committed 2048K, reserved 1048576K
}
Event: 13344.039 GC heap before
{Heap before GC invocations=29 (full 27):
 garbage-first heap   total 27648K, used 7543K [0x0000000700000000, 0x0000000800000000)
  region size 1024K, 1 young (1024K), 0 survivors (0K)
 Metaspace       used 17253K, capacity 17470K, committed 18176K, reserved 1064960K
  class space    used 1711K, capacity 1821K, committed 2048K, reserved 1048576K
}
Event: 13344.051 GC heap after
{Heap after GC invocations=30 (full 28):
 garbage-first heap   total 27648K, used 7543K [0x0000000700000000, 0x0000000800000000)
  region size 1024K, 0 young (0K), 0 survivors (0K)
 Metaspace       used 17253K, capacity 17470K, committed 18176K, reserved 1064960K
  class space    used 1711K, capacity 1821K, committed 2048K, reserved 1048576K
}

Deoptimization events (20 events):
Event: 2.300 Thread 0x00007fa6c5d31000 Uncommon trap: trap_request=0xffffffc6 fr.pc=0x0000000123f73d8c relative=0x000000000000022c
Event: 2.300 Thread 0x00007fa6c5d31000 Uncommon trap: reason=bimorphic_or_optimized_type_check action=maybe_recompile pc=0x0000000123f73d8c method=java.util.HashMap.getNode(ILjava/lang/Object;)Ljava/util/HashMap$Node; @ 126 c2
Event: 2.300 Thread 0x00007fa6c5d31000 DEOPT PACKING pc=0x0000000123f73d8c sp=0x0000700003cebdc0
Event: 2.300 Thread 0x00007fa6c5d31000 DEOPT UNPACKING pc=0x000000011c4b0ea5 sp=0x0000700003cebd48 mode 2
Event: 2.300 Thread 0x00007fa6c5d31000 Uncommon trap: trap_request=0xffffffc6 fr.pc=0x0000000123f73d8c relative=0x000000000000022c
Event: 2.300 Thread 0x00007fa6c5d31000 Uncommon trap: reason=bimorphic_or_optimized_type_check action=maybe_recompile pc=0x0000000123f73d8c method=java.util.HashMap.getNode(ILjava/lang/Object;)Ljava/util/HashMap$Node; @ 126 c2
Event: 2.300 Thread 0x00007fa6c5d31000 DEOPT PACKING pc=0x0000000123f73d8c sp=0x0000700003cebdc0
Event: 2.300 Thread 0x00007fa6c5d31000 DEOPT UNPACKING pc=0x000000011c4b0ea5 sp=0x0000700003cebd48 mode 2
Event: 2.300 Thread 0x00007fa6c5d31000 Uncommon trap: trap_request=0xffffffc6 fr.pc=0x0000000123f73d8c relative=0x000000000000022c
Event: 2.300 Thread 0x00007fa6c5d31000 Uncommon trap: reason=bimorphic_or_optimized_type_check action=maybe_recompile pc=0x0000000123f73d8c method=java.util.HashMap.getNode(ILjava/lang/Object;)Ljava/util/HashMap$Node; @ 126 c2
Event: 2.300 Thread 0x00007fa6c5d31000 DEOPT PACKING pc=0x0000000123f73d8c sp=0x0000700003cebdc0
Event: 2.300 Thread 0x00007fa6c5d31000 DEOPT UNPACKING pc=0x000000011c4b0ea5 sp=0x0000700003cebd48 mode 2
Event: 2.300 Thread 0x00007fa6c5d31000 Uncommon trap: trap_request=0xffffffc6 fr.pc=0x0000000123f73d8c relative=0x000000000000022c
Event: 2.300 Thread 0x00007fa6c5d31000 Uncommon trap: reason=bimorphic_or_optimized_type_check action=maybe_recompile pc=0x0000000123f73d8c method=java.util.HashMap.getNode(ILjava/lang/Object;)Ljava/util/HashMap$Node; @ 126 c2
Event: 2.300 Thread 0x00007fa6c5d31000 DEOPT PACKING pc=0x0000000123f73d8c sp=0x0000700003cebdc0
Event: 2.300 Thread 0x00007fa6c5d31000 DEOPT UNPACKING pc=0x000000011c4b0ea5 sp=0x0000700003cebd48 mode 2
Event: 2.315 Thread 0x00007fa6c5d31000 Uncommon trap: trap_request=0xffffff4d fr.pc=0x0000000123f6f440 relative=0x00000000000004c0
Event: 2.315 Thread 0x00007fa6c5d31000 Uncommon trap: reason=unstable_if action=reinterpret pc=0x0000000123f6f440 method=java.util.regex.Pattern$Start.match(Ljava/util/regex/Matcher;ILjava/lang/CharSequence;)Z @ 10 c2
Event: 2.315 Thread 0x00007fa6c5d31000 DEOPT PACKING pc=0x0000000123f6f440 sp=0x0000700003cedb90
Event: 2.315 Thread 0x00007fa6c5d31000 DEOPT UNPACKING pc=0x000000011c4b0ea5 sp=0x0000700003cedaf0 mode 2

Classes redefined (0 events):
No events

Internal exceptions (16 events):
Event: 0.761 Thread 0x00007fa6c5d31000 Exception <a 'java/lang/NoSuchMethodError'{0x0000000703977e50}: 'int java.lang.invoke.DirectMethodHandle$Holder.invokeSpecialIFC(java.lang.Object, java.lang.Object, int)'> (0x0000000703977e50) thrown at [./src/hotspot/share/interpreter/linkResolver.cpp, line 773]
Event: 0.822 Thread 0x00007fa6c5d31000 Exception <a 'java/lang/NoSuchMethodError'{0x000000070399fc48}: 'int java.lang.invoke.DirectMethodHandle$Holder.invokeStaticInit(java.lang.Object, java.lang.Object, java.lang.Object, java.lang.Object)'> (0x000000070399fc48) thrown at [./src/hotspot/share/interpreter/linkResolver.cpp, line 773]
Event: 0.826 Thread 0x00007fa6c5d31000 Exception <a 'java/lang/IncompatibleClassChangeError'{0x00000007039a9c28}: Found class java.lang.Object, but interface was expected> (0x00000007039a9c28) thrown at [./src/hotspot/share/interpreter/linkResolver.cpp, line 839]
Event: 0.827 Thread 0x00007fa6c5d31000 Exception <a 'java/lang/NoSuchMethodError'{0x00000007039ad090}: 'void java.lang.invoke.DirectMethodHandle$Holder.invokeStaticInit(java.lang.Object, java.lang.Object)'> (0x00000007039ad090) thrown at [./src/hotspot/share/interpreter/linkResolver.cpp, line 773]
Event: 0.831 Thread 0x00007fa6c5d31000 Exception <a 'java/lang/NoSuchMethodError'{0x00000007039b3150}: 'int java.lang.invoke.DirectMethodHandle$Holder.invokeStaticInit(java.lang.Object, java.lang.Object)'> (0x00000007039b3150) thrown at [./src/hotspot/share/interpreter/linkResolver.cpp, line 773]
Event: 5694.560 Thread 0x00007fa6c5022000 Exception <a 'java/lang/ClassNotFoundException'{0x0000000703afa370}: sun/awt/resources/spi/awtProvider> (0x0000000703afa370) thrown at [./src/hotspot/share/classfile/systemDictionary.cpp, line 234]
Event: 5694.823 Thread 0x00007fa6c5022000 Exception <a 'java/io/FileNotFoundException'{0x0000000703967158}> (0x0000000703967158) thrown at [./src/hotspot/share/prims/jni.cpp, line 616]
Event: 5694.848 Thread 0x00007fa6c5022000 Exception <a 'java/lang/NoSuchMethodError'{0x00000007039c1f80}: 'java.lang.Object java.lang.invoke.DirectMethodHandle$Holder.invokeStatic(java.lang.Object, java.lang.Object, java.lang.Object, java.lang.Object, java.lang.Object, java.lang.Object, java.lang.Object, java.lang.Object, java.lang.Object, java.lang.Object, java.lang.Object, java.lang.Object, java.lang.Object, java.lang.Object, java.lang.Object)'> (0x00000007039c1f80) thrown at [./src/hotspot/share/interpreter/linkResolver.cpp, line 773]
Event: 5694.851 Thread 0x00007fa6c5022000 Exception <a 'java/lang/NoSuchMethodError'{0x00000007039cfb30}: 'java.lang.Object java.lang.invoke.DirectMethodHandle$Holder.invokeStatic(java.lang.Object, java.lang.Object, java.lang.Object, java.lang.Object, java.lang.Object, java.lang.Object, java.lang.Object, java.lang.Object, java.lang.Object, java.lang.Object, java.lang.Object, java.lang.Object, java.lang.Object, java.lang.Object, java.lang.Object, java.lang.Object)'> (0x00000007039cfb30) thrown at [./src/hotspot/share/interpreter/linkResolver.cpp, l
Event: 5694.853 Thread 0x00007fa6c5022000 Exception <a 'java/lang/NoSuchMethodError'{0x00000007039dd9f0}: 'java.lang.Object java.lang.invoke.DirectMethodHandle$Holder.invokeSpecial(java.lang.Object, java.lang.Object, int, int, java.lang.Object, java.lang.Object, java.lang.Object)'> (0x00000007039dd9f0) thrown at [./src/hotspot/share/interpreter/linkResolver.cpp, line 773]
Event: 5694.854 Thread 0x00007fa6c5022000 Exception <a 'java/lang/NoSuchMethodError'{0x00000007039e0f80}: 'java.lang.Object java.lang.invoke.DelegatingMethodHandle$Holder.reinvoke_L(java.lang.Object, int, int, java.lang.Object, java.lang.Object, java.lang.Object)'> (0x00000007039e0f80) thrown at [./src/hotspot/share/interpreter/linkResolver.cpp, line 773]
Event: 5694.855 Thread 0x00007fa6c5022000 Exception <a 'java/lang/NoSuchMethodError'{0x00000007039e5060}: 'java.lang.Object java.lang.invoke.DirectMethodHandle$Holder.invokeStatic(java.lang.Object, java.lang.Object, java.lang.Object, java.lang.Object, int)'> (0x00000007039e5060) thrown at [./src/hotspot/share/interpreter/linkResolver.cpp, line 773]
Event: 5694.889 Thread 0x00007fa6c5022000 Exception <a 'java/io/FileNotFoundException'{0x0000000703847b80}> (0x0000000703847b80) thrown at [./src/hotspot/share/prims/jni.cpp, line 616]
Event: 5694.910 Thread 0x00007fa6c5022000 Exception <a 'java/lang/ClassNotFoundException'{0x0000000703849620}: sun/awt/resources/spi/awtosxProvider> (0x0000000703849620) thrown at [./src/hotspot/share/classfile/systemDictionary.cpp, line 234]
Event: 5694.978 Thread 0x00007fa6c5022000 Exception <a 'java/lang/NoSuchMethodError'{0x000000070387c908}: 'java.lang.Object java.lang.invoke.DirectMethodHandle$Holder.invokeStatic(java.lang.Object, java.lang.Object, java.lang.Object, java.lang.Object, java.lang.Object, java.lang.Object, java.lang.Object, java.lang.Object, int)'> (0x000000070387c908) thrown at [./src/hotspot/share/interpreter/linkResolver.cpp, line 773]
Event: 5694.983 Thread 0x00007fa6c5022000 Exception <a 'java/lang/NoSuchMethodError'{0x0000000703896ad0}: 'java.lang.Object java.lang.invoke.DirectMethodHandle$Holder.invokeStatic(java.lang.Object, java.lang.Object, java.lang.Object, java.lang.Object, java.lang.Object, java.lang.Object, java.lang.Object, java.lang.Object, int, int)'> (0x0000000703896ad0) thrown at [./src/hotspot/share/interpreter/linkResolver.cpp, line 773]

Events (20 events):
Event: 13327.023 Thread 0x00007fa6c49c4000 Thread added: 0x00007fa6c49c4000
Event: 13327.023 Protecting memory [0x00007000040fe000,0x0000700004102000] with protection modes 0
Event: 13327.023 Thread 0x00007fa6c5769800 Thread added: 0x00007fa6c5769800
Event: 13327.023 Protecting memory [0x0000700004301000,0x0000700004305000] with protection modes 0
Event: 13327.023 Executing VM operation: G1CollectFull
Event: 13327.034 Executing VM operation: G1CollectFull done
Event: 13328.037 Protecting memory [0x00007000040fe000,0x0000700004102000] with protection modes 3
Event: 13328.037 Thread 0x00007fa6c49c4000 Thread exited: 0x00007fa6c49c4000
Event: 13328.037 Protecting memory [0x0000700004301000,0x0000700004305000] with protection modes 3
Event: 13328.037 Thread 0x00007fa6c5769800 Thread exited: 0x00007fa6c5769800
Event: 13344.039 Thread 0x00007fa6c49c4000 Thread added: 0x00007fa6c49c4000
Event: 13344.039 Protecting memory [0x00007000040fe000,0x0000700004102000] with protection modes 0
Event: 13344.039 Thread 0x00007fa6c5769800 Thread added: 0x00007fa6c5769800
Event: 13344.039 Protecting memory [0x0000700004301000,0x0000700004305000] with protection modes 0
Event: 13344.039 Executing VM operation: G1CollectFull
Event: 13344.051 Executing VM operation: G1CollectFull done
Event: 13345.054 Protecting memory [0x00007000040fe000,0x0000700004102000] with protection modes 3
Event: 13345.055 Thread 0x00007fa6c49c4000 Thread exited: 0x00007fa6c49c4000
Event: 13345.055 Protecting memory [0x0000700004301000,0x0000700004305000] with protection modes 3
Event: 13345.055 Thread 0x00007fa6c5769800 Thread exited: 0x00007fa6c5769800


Dynamic libraries:
0x00007fff67c59000 	/usr/lib/libSystem.B.dylib
0x00007fff2eee1000 	/System/Library/Frameworks/ApplicationServices.framework/Versions/A/ApplicationServices
0x00007fff2ff7b000 	/System/Library/Frameworks/Cocoa.framework/Versions/A/Cocoa
0x00007fff3c7d6000 	/System/Library/Frameworks/QuartzCore.framework/Versions/A/QuartzCore
0x000000010c836000 	/Applications/Stata/StataSE.app/Contents/Frameworks/Scintilla.framework/Versions/A/Scintilla
0x00007fff3d5dd000 	/System/Library/Frameworks/Security.framework/Versions/A/Security
0x00007fff3d929000 	/System/Library/Frameworks/SecurityFoundation.framework/Versions/A/SecurityFoundation
0x00007fff3e690000 	/System/Library/Frameworks/SystemConfiguration.framework/Versions/A/SystemConfiguration
0x00007fff41bc5000 	/System/Library/Frameworks/WebKit.framework/Versions/A/WebKit
0x00007fff67fd5000 	/usr/lib/libc++.1.dylib
0x00007fff6a225000 	/usr/lib/libz.1.dylib
0x00007fff33512000 	/System/Library/Frameworks/Foundation.framework/Versions/C/Foundation
0x00007fff69b52000 	/usr/lib/libobjc.A.dylib
0x00007fff2e0d3000 	/System/Library/Frameworks/AppKit.framework/Versions/C/AppKit
0x00007fff30e2e000 	/System/Library/Frameworks/CoreFoundation.framework/Versions/A/CoreFoundation
0x00007fff312b1000 	/System/Library/Frameworks/CoreGraphics.framework/Versions/A/CoreGraphics
0x00007fff3223b000 	/System/Library/Frameworks/CoreServices.framework/Versions/A/CoreServices
0x00007fff32caf000 	/System/Library/Frameworks/CoreText.framework/Versions/A/CoreText
0x00007fff6aae6000 	/usr/lib/system/libcache.dylib
0x00007fff6aaec000 	/usr/lib/system/libcommonCrypto.dylib
0x00007fff6aaf8000 	/usr/lib/system/libcompiler_rt.dylib
0x00007fff6ab00000 	/usr/lib/system/libcopyfile.dylib
0x00007fff6ab0a000 	/usr/lib/system/libcorecrypto.dylib
0x00007fff6aca9000 	/usr/lib/system/libdispatch.dylib
0x00007fff6acea000 	/usr/lib/system/libdyld.dylib
0x00007fff6ad21000 	/usr/lib/system/libkeymgr.dylib
0x00007fff6ad2f000 	/usr/lib/system/liblaunch.dylib
0x00007fff6ad30000 	/usr/lib/system/libmacho.dylib
0x00007fff6ad36000 	/usr/lib/system/libquarantine.dylib
0x00007fff6ad39000 	/usr/lib/system/libremovefile.dylib
0x00007fff6ad3b000 	/usr/lib/system/libsystem_asl.dylib
0x00007fff6ad53000 	/usr/lib/system/libsystem_blocks.dylib
0x00007fff6ad54000 	/usr/lib/system/libsystem_c.dylib
0x00007fff6addc000 	/usr/lib/system/libsystem_configuration.dylib
0x00007fff6ade0000 	/usr/lib/system/libsystem_coreservices.dylib
0x00007fff6ade4000 	/usr/lib/system/libsystem_darwin.dylib
0x00007fff6aded000 	/usr/lib/system/libsystem_dnssd.dylib
0x00007fff6adf5000 	/usr/lib/system/libsystem_featureflags.dylib
0x00007fff6adf7000 	/usr/lib/system/libsystem_info.dylib
0x00007fff6ae72000 	/usr/lib/system/libsystem_m.dylib
0x00007fff6aebe000 	/usr/lib/system/libsystem_malloc.dylib
0x00007fff6aee6000 	/usr/lib/system/libsystem_networkextension.dylib
0x00007fff6aef4000 	/usr/lib/system/libsystem_notify.dylib
0x00007fff6af12000 	/usr/lib/system/libsystem_sandbox.dylib
0x00007fff6af17000 	/usr/lib/system/libsystem_secinit.dylib
0x00007fff6ae45000 	/usr/lib/system/libsystem_kernel.dylib
0x00007fff6aefe000 	/usr/lib/system/libsystem_platform.dylib
0x00007fff6af07000 	/usr/lib/system/libsystem_pthread.dylib
0x00007fff6af1a000 	/usr/lib/system/libsystem_symptoms.dylib
0x00007fff6af22000 	/usr/lib/system/libsystem_trace.dylib
0x00007fff6af3a000 	/usr/lib/system/libunwind.dylib
0x00007fff6af40000 	/usr/lib/system/libxpc.dylib
0x00007fff68028000 	/usr/lib/libc++abi.dylib
0x00007fff33d81000 	/System/Library/Frameworks/ImageIO.framework/Versions/A/ImageIO
0x00007fff2ff89000 	/System/Library/Frameworks/ColorSync.framework/Versions/A/ColorSync
0x00007fff2eee2000 	/System/Library/Frameworks/ApplicationServices.framework/Versions/A/Frameworks/ATS.framework/Versions/A/ATS
0x00007fff2f0af000 	/System/Library/Frameworks/ApplicationServices.framework/Versions/A/Frameworks/ColorSyncLegacy.framework/Versions/A/ColorSyncLegacy
0x00007fff2f14d000 	/System/Library/Frameworks/ApplicationServices.framework/Versions/A/Frameworks/HIServices.framework/Versions/A/HIServices
0x00007fff2f1a5000 	/System/Library/Frameworks/ApplicationServices.framework/Versions/A/Frameworks/LangAnalysis.framework/Versions/A/LangAnalysis
0x00007fff2f1b4000 	/System/Library/Frameworks/ApplicationServices.framework/Versions/A/Frameworks/PrintCore.framework/Versions/A/PrintCore
0x00007fff2f1fa000 	/System/Library/Frameworks/ApplicationServices.framework/Versions/A/Frameworks/QD.framework/Versions/A/QD
0x00007fff2f205000 	/System/Library/Frameworks/ApplicationServices.framework/Versions/A/Frameworks/SpeechSynthesis.framework/Versions/A/SpeechSynthesis
0x00007fff600a6000 	/System/Library/PrivateFrameworks/SkyLight.framework/Versions/A/SkyLight
0x00007fff4d3dc000 	/System/Library/PrivateFrameworks/FontServices.framework/libFontParser.dylib
0x00007fff2ca42000 	/System/Library/Frameworks/Accelerate.framework/Versions/A/Accelerate
0x00007fff33cf1000 	/System/Library/Frameworks/IOSurface.framework/Versions/A/IOSurface
0x00007fff6a116000 	/usr/lib/libxml2.2.dylib
0x00007fff2f68d000 	/System/Library/Frameworks/CFNetwork.framework/Versions/A/CFNetwork
0x00007fff63b98000 	/System/Library/PrivateFrameworks/WatchdogClient.framework/Versions/A/WatchdogClient
0x00007fff68051000 	/usr/lib/libcompression.dylib
0x00007fff67783000 	/usr/lib/libDiagnosticMessagesClient.dylib
0x00007fff30cfb000 	/System/Library/Frameworks/CoreDisplay.framework/Versions/A/CoreDisplay
0x00007fff559c8000 	/System/Library/PrivateFrameworks/IOAccelerator.framework/Versions/A/IOAccelerator
0x00007fff33c4b000 	/System/Library/Frameworks/IOKit.framework/Versions/A/IOKit
0x00007fff363d1000 	/System/Library/Frameworks/Metal.framework/Versions/A/Metal
0x00007fff3676c000 	/System/Library/Frameworks/MetalPerformanceShaders.framework/Versions/A/MetalPerformanceShaders
0x00007fff57f23000 	/System/Library/PrivateFrameworks/MultitouchSupport.framework/Versions/A/MultitouchSupport
0x00007fff67fb7000 	/usr/lib/libbsm.0.dylib
0x00007fff68e2f000 	/usr/lib/liblzma.5.dylib
0x00007fff67ef1000 	/usr/lib/libauto.dylib
0x00007fff68aaa000 	/usr/lib/libfakelink.dylib
0x00007fff331d0000 	/System/Library/Frameworks/DiskArbitration.framework/Versions/A/DiskArbitration
0x00007fff67d4b000 	/usr/lib/libarchive.2.dylib
0x00007fff68bbc000 	/usr/lib/libicucore.A.dylib
0x00007fff68e2d000 	/usr/lib/liblangid.dylib
0x00007fff676b6000 	/usr/lib/libCRFSuite.dylib
0x00007fff68a81000 	/usr/lib/libenergytrace.dylib
0x00007fff6ad22000 	/usr/lib/system/libkxld.dylib
0x00007fff445ac000 	/System/Library/PrivateFrameworks/AppleFSCompression.framework/Versions/A/AppleFSCompression
0x00007fff68343000 	/usr/lib/libcoretls.dylib
0x00007fff6835a000 	/usr/lib/libcoretls_cfhelpers.dylib
0x00007fff69b97000 	/usr/lib/libpam.2.dylib
0x00007fff69ccc000 	/usr/lib/libsqlite3.dylib
0x00007fff6a103000 	/usr/lib/libxar.1.dylib
0x00007fff67fc8000 	/usr/lib/libbz2.1.0.dylib
0x00007fff68acb000 	/usr/lib/libiconv.2.dylib
0x00007fff6803e000 	/usr/lib/libcharset.1.dylib
0x00007fff69635000 	/usr/lib/libnetwork.dylib
0x00007fff69b9e000 	/usr/lib/libpcap.A.dylib
0x00007fff67d00000 	/usr/lib/libapple_nghttp2.dylib
0x00007fff325f2000 	/System/Library/Frameworks/CoreServices.framework/Versions/A/Frameworks/FSEvents.framework/Versions/A/FSEvents
0x00007fff322c2000 	/System/Library/Frameworks/CoreServices.framework/Versions/A/Frameworks/CarbonCore.framework/Versions/A/CarbonCore
0x00007fff32837000 	/System/Library/Frameworks/CoreServices.framework/Versions/A/Frameworks/Metadata.framework/Versions/A/Metadata
0x00007fff328d0000 	/System/Library/Frameworks/CoreServices.framework/Versions/A/Frameworks/OSServices.framework/Versions/A/OSServices
0x00007fff328fe000 	/System/Library/Frameworks/CoreServices.framework/Versions/A/Frameworks/SearchKit.framework/Versions/A/SearchKit
0x00007fff3223c000 	/System/Library/Frameworks/CoreServices.framework/Versions/A/Frameworks/AE.framework/Versions/A/AE
0x00007fff325fb000 	/System/Library/Frameworks/CoreServices.framework/Versions/A/Frameworks/LaunchServices.framework/Versions/A/LaunchServices
0x00007fff325a4000 	/System/Library/Frameworks/CoreServices.framework/Versions/A/Frameworks/DictionaryServices.framework/Versions/A/DictionaryServices
0x00007fff32966000 	/System/Library/Frameworks/CoreServices.framework/Versions/A/Frameworks/SharedFileList.framework/Versions/A/SharedFileList
0x00007fff37628000 	/System/Library/Frameworks/NetFS.framework/Versions/A/NetFS
0x00007fff58453000 	/System/Library/PrivateFrameworks/NetAuth.framework/Versions/A/NetAuth
0x00007fff64b96000 	/System/Library/PrivateFrameworks/login.framework/Versions/A/Frameworks/loginsupport.framework/Versions/A/loginsupport
0x00007fff616eb000 	/System/Library/PrivateFrameworks/TCC.framework/Versions/A/TCC
0x00007fff491e1000 	/System/Library/PrivateFrameworks/CoreNLP.framework/Versions/A/CoreNLP
0x00007fff577f9000 	/System/Library/PrivateFrameworks/MetadataUtilities.framework/Versions/A/MetadataUtilities
0x00007fff68f07000 	/usr/lib/libmecabra.dylib
0x00007fff68e5f000 	/usr/lib/libmecab.dylib
0x00007fff68abb000 	/usr/lib/libgermantok.dylib
0x00007fff67ce7000 	/usr/lib/libThaiTokenizer.dylib
0x00007fff676ed000 	/usr/lib/libChineseTokenizer.dylib
0x00007fff2ca5b000 	/System/Library/Frameworks/Accelerate.framework/Versions/A/Frameworks/vImage.framework/Versions/A/vImage
0x00007fff2df29000 	/System/Library/Frameworks/Accelerate.framework/Versions/A/Frameworks/vecLib.framework/Versions/A/vecLib
0x00007fff2ddaa000 	/System/Library/Frameworks/Accelerate.framework/Versions/A/Frameworks/vecLib.framework/Versions/A/libvMisc.dylib
0x00007fff2dc17000 	/System/Library/Frameworks/Accelerate.framework/Versions/A/Frameworks/vecLib.framework/Versions/A/libvDSP.dylib
0x00007fff2d2f7000 	/System/Library/Frameworks/Accelerate.framework/Versions/A/Frameworks/vecLib.framework/Versions/A/libBLAS.dylib
0x00007fff2d7cf000 	/System/Library/Frameworks/Accelerate.framework/Versions/A/Frameworks/vecLib.framework/Versions/A/libLAPACK.dylib
0x00007fff2db77000 	/System/Library/Frameworks/Accelerate.framework/Versions/A/Frameworks/vecLib.framework/Versions/A/libLinearAlgebra.dylib
0x00007fff2dc04000 	/System/Library/Frameworks/Accelerate.framework/Versions/A/Frameworks/vecLib.framework/Versions/A/libSparseBLAS.dylib
0x00007fff2db8d000 	/System/Library/Frameworks/Accelerate.framework/Versions/A/Frameworks/vecLib.framework/Versions/A/libQuadrature.dylib
0x00007fff2d48d000 	/System/Library/Frameworks/Accelerate.framework/Versions/A/Frameworks/vecLib.framework/Versions/A/libBNNS.dylib
0x00007fff2db93000 	/System/Library/Frameworks/Accelerate.framework/Versions/A/Frameworks/vecLib.framework/Versions/A/libSparse.dylib
0x00007fff5636d000 	/System/Library/PrivateFrameworks/LanguageModeling.framework/Versions/A/LanguageModeling
0x00007fff48b90000 	/System/Library/PrivateFrameworks/CoreEmoji.framework/Versions/A/CoreEmoji
0x00007fff5648b000 	/System/Library/PrivateFrameworks/LinguisticData.framework/Versions/A/LinguisticData
0x00007fff5643c000 	/System/Library/PrivateFrameworks/Lexicon.framework/Versions/A/Lexicon
0x00007fff6803f000 	/usr/lib/libcmph.dylib
0x00007fff3a217000 	/System/Library/Frameworks/OpenDirectory.framework/Versions/A/Frameworks/CFOpenDirectory.framework/Versions/A/CFOpenDirectory
0x00007fff3a234000 	/System/Library/Frameworks/OpenDirectory.framework/Versions/A/OpenDirectory
0x00007fff4267a000 	/System/Library/PrivateFrameworks/APFS.framework/Versions/A/APFS
0x00007fff6a0ff000 	/usr/lib/libutil.dylib
0x00007fff4a0c6000 	/System/Library/PrivateFrameworks/CoreServicesStore.framework/Versions/A/CoreServicesStore
0x00007fff3d9e0000 	/System/Library/Frameworks/ServiceManagement.framework/Versions/A/ServiceManagement
0x00007fff45d7e000 	/System/Library/PrivateFrameworks/BackgroundTaskManagement.framework/Versions/A/BackgroundTaskManagement
0x00007fff6a1fc000 	/usr/lib/libxslt.1.dylib
0x00007fff52158000 	/System/Library/PrivateFrameworks/GPUWrangler.framework/Versions/A/GPUWrangler
0x00007fff559dd000 	/System/Library/PrivateFrameworks/IOPresentment.framework/Versions/A/IOPresentment
0x00007fff4ac46000 	/System/Library/PrivateFrameworks/DSExternalDisplay.framework/Versions/A/DSExternalDisplay
0x00007fff3aba8000 	/System/Library/Frameworks/OpenGL.framework/Versions/A/Libraries/libCoreFSCache.dylib
0x00007fff364b8000 	/System/Library/Frameworks/MetalPerformanceShaders.framework/Frameworks/MPSCore.framework/Versions/A/MPSCore
0x00007fff364f6000 	/System/Library/Frameworks/MetalPerformanceShaders.framework/Frameworks/MPSImage.framework/Versions/A/MPSImage
0x00007fff365bd000 	/System/Library/Frameworks/MetalPerformanceShaders.framework/Frameworks/MPSNeuralNetwork.framework/Versions/A/MPSNeuralNetwork
0x00007fff36581000 	/System/Library/Frameworks/MetalPerformanceShaders.framework/Frameworks/MPSMatrix.framework/Versions/A/MPSMatrix
0x00007fff3671c000 	/System/Library/Frameworks/MetalPerformanceShaders.framework/Frameworks/MPSRayIntersector.framework/Versions/A/MPSRayIntersector
0x00007fff365a7000 	/System/Library/Frameworks/MetalPerformanceShaders.framework/Frameworks/MPSNDArray.framework/Versions/A/MPSNDArray
0x00007fff57846000 	/System/Library/PrivateFrameworks/MetalTools.framework/Versions/A/MetalTools
0x00007fff43854000 	/System/Library/PrivateFrameworks/AggregateDictionary.framework/Versions/A/AggregateDictionary
0x00007fff485d8000 	/System/Library/PrivateFrameworks/CoreAnalytics.framework/Versions/A/CoreAnalytics
0x00007fff44b3e000 	/System/Library/PrivateFrameworks/AppleSauce.framework/Versions/A/AppleSauce
0x00007fff67ac7000 	/usr/lib/libMobileGestalt.dylib
0x00007fff44c20000 	/System/Library/PrivateFrameworks/AppleSystemInfo.framework/Versions/A/AppleSystemInfo
0x00007fff679a9000 	/usr/lib/libIOReport.dylib
0x00007fff31957000 	/System/Library/Frameworks/CoreImage.framework/Versions/A/CoreImage
0x00007fff32e67000 	/System/Library/Frameworks/CoreVideo.framework/Versions/A/CoreVideo
0x00007fff3b809000 	/System/Library/Frameworks/OpenGL.framework/Versions/A/OpenGL
0x00007fff535d1000 	/System/Library/PrivateFrameworks/GraphVisualizer.framework/Versions/A/GraphVisualizer
0x00007fff4c922000 	/System/Library/PrivateFrameworks/FaceCore.framework/Versions/A/FaceCore
0x00007fff3a1be000 	/System/Library/Frameworks/OpenCL.framework/Versions/A/OpenCL
0x00007fff677cb000 	/usr/lib/libFosl_dynamic.dylib
0x00007fff58e74000 	/System/Library/PrivateFrameworks/OTSVG.framework/Versions/A/OTSVG
0x00007fff2efe6000 	/System/Library/Frameworks/ApplicationServices.framework/Versions/A/Frameworks/ATS.framework/Versions/A/Resources/libFontRegistry.dylib
0x00007fff67dbe000 	/usr/lib/libate.dylib
0x00007fff33fa0000 	/System/Library/Frameworks/ImageIO.framework/Versions/A/Resources/libJPEG.dylib
0x00007fff3425f000 	/System/Library/Frameworks/ImageIO.framework/Versions/A/Resources/libTIFF.dylib
0x00007fff34242000 	/System/Library/Frameworks/ImageIO.framework/Versions/A/Resources/libPng.dylib
0x00007fff33ee2000 	/System/Library/Frameworks/ImageIO.framework/Versions/A/Resources/libGIF.dylib
0x00007fff33ee6000 	/System/Library/Frameworks/ImageIO.framework/Versions/A/Resources/libJP2.dylib
0x00007fff3425d000 	/System/Library/Frameworks/ImageIO.framework/Versions/A/Resources/libRadiance.dylib
0x00007fff68a82000 	/usr/lib/libexpat.1.dylib
0x00007fff44707000 	/System/Library/PrivateFrameworks/AppleJPEG.framework/Versions/A/AppleJPEG
0x00007fff4d5ac000 	/System/Library/PrivateFrameworks/FontServices.framework/libhvf.dylib
0x00007fff3abb3000 	/System/Library/Frameworks/OpenGL.framework/Versions/A/Libraries/libGFXShared.dylib
0x00007fff3ad91000 	/System/Library/Frameworks/OpenGL.framework/Versions/A/Libraries/libGLU.dylib
0x00007fff3abbc000 	/System/Library/Frameworks/OpenGL.framework/Versions/A/Libraries/libGL.dylib
0x00007fff3abc7000 	/System/Library/Frameworks/OpenGL.framework/Versions/A/Libraries/libGLImage.dylib
0x00007fff3aba5000 	/System/Library/Frameworks/OpenGL.framework/Versions/A/Libraries/libCVMSPluginSupport.dylib
0x00007fff3abae000 	/System/Library/Frameworks/OpenGL.framework/Versions/A/Libraries/libCoreVMClient.dylib
0x00007fff694d6000 	/usr/lib/libncurses.5.4.dylib
0x00007fff2f07f000 	/System/Library/Frameworks/ApplicationServices.framework/Versions/A/Frameworks/ATSUI.framework/Versions/A/ATSUI
0x00007fff68918000 	/usr/lib/libcups.2.dylib
0x00007fff35807000 	/System/Library/Frameworks/Kerberos.framework/Versions/A/Kerberos
0x00007fff33944000 	/System/Library/Frameworks/GSS.framework/Versions/A/GSS
0x00007fff69c58000 	/usr/lib/libresolv.9.dylib
0x00007fff5377e000 	/System/Library/PrivateFrameworks/Heimdal.framework/Versions/A/Heimdal
0x00007fff3581a000 	/System/Library/Frameworks/Kerberos.framework/Versions/A/Libraries/libHeimdalProxy.dylib
0x00007fff68ac1000 	/usr/lib/libheimdal-asn1.dylib
0x00007fff47a70000 	/System/Library/PrivateFrameworks/CommonAuth.framework/Versions/A/CommonAuth
0x00007fff3036a000 	/System/Library/Frameworks/CoreAudio.framework/Versions/A/CoreAudio
0x00007fff2f213000 	/System/Library/Frameworks/AudioToolbox.framework/Versions/A/AudioToolbox
0x00007fff44cbd000 	/System/Library/PrivateFrameworks/AssertionServices.framework/Versions/A/AssertionServices
0x00007fff45860000 	/System/Library/PrivateFrameworks/AudioToolboxCore.framework/Versions/A/AudioToolboxCore
0x00007fff64846000 	/System/Library/PrivateFrameworks/caulk.framework/Versions/A/caulk
0x00007fff45e2a000 	/System/Library/PrivateFrameworks/BaseBoard.framework/Versions/A/BaseBoard
0x00007fff5d0d8000 	/System/Library/PrivateFrameworks/RunningBoardServices.framework/Versions/A/RunningBoardServices
0x00007fff5a0e9000 	/System/Library/PrivateFrameworks/PersistentConnection.framework/Versions/A/PersistentConnection
0x00007fff5cad1000 	/System/Library/PrivateFrameworks/ProtocolBuffer.framework/Versions/A/ProtocolBuffer
0x00007fff47a94000 	/System/Library/PrivateFrameworks/CommonUtilities.framework/Versions/A/CommonUtilities
0x00007fff45fb8000 	/System/Library/PrivateFrameworks/Bom.framework/Versions/A/Bom
0x00007fff6767c000 	/usr/lib/libAudioToolboxUtility.dylib
0x00007fff308ff000 	/System/Library/Frameworks/CoreData.framework/Versions/A/CoreData
0x00007fff61eb6000 	/System/Library/PrivateFrameworks/UIFoundation.framework/Versions/A/UIFoundation
0x00007fff5cf4a000 	/System/Library/PrivateFrameworks/RemoteViewServices.framework/Versions/A/RemoteViewServices
0x00007fff647c9000 	/System/Library/PrivateFrameworks/XCTTargetBootstrap.framework/Versions/A/XCTTargetBootstrap
0x00007fff4add9000 	/System/Library/PrivateFrameworks/DesktopServicesPriv.framework/Versions/A/DesktopServicesPriv
0x00007fff4a06e000 	/System/Library/PrivateFrameworks/CoreSVG.framework/Versions/A/CoreSVG
0x00007fff55d7c000 	/System/Library/PrivateFrameworks/IconServices.framework/Versions/A/IconServices
0x00007fff4ac33000 	/System/Library/PrivateFrameworks/DFRFoundation.framework/Versions/A/DFRFoundation
0x00007fff2f2f6000 	/System/Library/Frameworks/AudioUnit.framework/Versions/A/AudioUnit
0x00007fff4acd5000 	/System/Library/PrivateFrameworks/DataDetectorsCore.framework/Versions/A/DataDetectorsCore
0x00007fff2fa9c000 	/System/Library/Frameworks/Carbon.framework/Versions/A/Frameworks/HIToolbox.framework/Versions/A/HIToolbox
0x00007fff2fddb000 	/System/Library/Frameworks/Carbon.framework/Versions/A/Frameworks/SpeechRecognition.framework/Versions/A/SpeechRecognition
0x00007fff4a747000 	/System/Library/PrivateFrameworks/CoreUI.framework/Versions/A/CoreUI
0x00007fff5a0dd000 	/System/Library/PrivateFrameworks/PerformanceAnalysis.framework/Versions/A/PerformanceAnalysis
0x00007fff61c20000 	/System/Library/PrivateFrameworks/TextureIO.framework/Versions/A/TextureIO
0x00007fff55f85000 	/System/Library/PrivateFrameworks/InternationalSupport.framework/Versions/A/InternationalSupport
0x00007fff45d88000 	/System/Library/PrivateFrameworks/Backup.framework/Versions/A/Backup
0x00007fff4ab67000 	/System/Library/PrivateFrameworks/CrashReporterSupport.framework/Versions/A/CrashReporterSupport
0x00007fff5eb6a000 	/System/Library/PrivateFrameworks/Sharing.framework/Versions/A/Sharing
0x00007fff442ca000 	/System/Library/PrivateFrameworks/Apple80211.framework/Versions/A/Apple80211
0x00007fff45aa5000 	/System/Library/PrivateFrameworks/AuthKit.framework/Versions/A/AuthKit
0x00007fff4a874000 	/System/Library/PrivateFrameworks/CoreUtils.framework/Versions/A/CoreUtils
0x00007fff32eac000 	/System/Library/Frameworks/CoreWLAN.framework/Versions/A/CoreWLAN
0x00007fff33ad1000 	/System/Library/Frameworks/IOBluetooth.framework/Versions/A/IOBluetooth
0x00007fff57ca2000 	/System/Library/PrivateFrameworks/MobileKeyBag.framework/Versions/A/MobileKeyBag
0x00007fff49679000 	/System/Library/PrivateFrameworks/CorePhoneNumbers.framework/Versions/A/CorePhoneNumbers
0x00007fff446ba000 	/System/Library/PrivateFrameworks/AppleIDAuthSupport.framework/Versions/A/AppleIDAuthSupport
0x00007fff37635000 	/System/Library/Frameworks/Network.framework/Versions/A/Network
0x00007fff56219000 	/System/Library/PrivateFrameworks/KeychainCircle.framework/Versions/A/KeychainCircle
0x00007fff308c6000 	/System/Library/Frameworks/CoreBluetooth.framework/Versions/A/CoreBluetooth
0x00007fff60be9000 	/System/Library/PrivateFrameworks/SpeechRecognitionCore.framework/Versions/A/SpeechRecognitionCore
0x00007fff419b8000 	/System/Library/Frameworks/WebKit.framework/Versions/A/Frameworks/WebKitLegacy.framework/Versions/A/WebKitLegacy
0x00007fff3f74d000 	/System/Library/Frameworks/WebKit.framework/Versions/A/Frameworks/WebCore.framework/Versions/A/WebCore
0x00007fff6758a000 	/usr/lib/libAccessibility.dylib
0x00007fff2fa97000 	/System/Library/Frameworks/Carbon.framework/Versions/A/Carbon
0x00007fff49682000 	/System/Library/PrivateFrameworks/CorePrediction.framework/Versions/A/CorePrediction
0x00007fff4af77000 	/System/Library/PrivateFrameworks/DeviceIdentity.framework/Versions/A/DeviceIdentity
0x00007fff69c72000 	/usr/lib/libsandbox.1.dylib
0x00007fff3efaf000 	/System/Library/Frameworks/WebKit.framework/Versions/A/Frameworks/WebCore.framework/Versions/A/Frameworks/libwebrtc.dylib
0x00007fff5de3c000 	/System/Library/PrivateFrameworks/SafariSafeBrowsing.framework/Versions/A/SafariSafeBrowsing
0x00007fff3d9b2000 	/System/Library/Frameworks/SecurityInterface.framework/Versions/A/SecurityInterface
0x00007fff621a5000 	/System/Library/PrivateFrameworks/URLFormatting.framework/Versions/A/URLFormatting
0x00007fff63d6c000 	/System/Library/PrivateFrameworks/WebInspectorUI.framework/Versions/A/WebInspectorUI
0x00007fff34750000 	/System/Library/Frameworks/JavaScriptCore.framework/Versions/A/JavaScriptCore
0x00007fff2fa98000 	/System/Library/Frameworks/Carbon.framework/Versions/A/Frameworks/CommonPanels.framework/Versions/A/CommonPanels
0x00007fff2fd91000 	/System/Library/Frameworks/Carbon.framework/Versions/A/Frameworks/Help.framework/Versions/A/Help
0x00007fff2fd95000 	/System/Library/Frameworks/Carbon.framework/Versions/A/Frameworks/ImageCapture.framework/Versions/A/ImageCapture
0x00007fff2fd9c000 	/System/Library/Frameworks/Carbon.framework/Versions/A/Frameworks/OpenScripting.framework/Versions/A/OpenScripting
0x00007fff2fd9b000 	/System/Library/Frameworks/Carbon.framework/Versions/A/Frameworks/Ink.framework/Versions/A/Ink
0x00007fff2fdd7000 	/System/Library/Frameworks/Carbon.framework/Versions/A/Frameworks/Print.framework/Versions/A/Print
0x00007fff2fdd8000 	/System/Library/Frameworks/Carbon.framework/Versions/A/Frameworks/SecurityHI.framework/Versions/A/SecurityHI
0x00007fff3e98a000 	/System/Library/Frameworks/VideoToolbox.framework/Versions/A/VideoToolbox
0x00007fff32073000 	/System/Library/Frameworks/CoreMedia.framework/Versions/A/CoreMedia
0x00007fff44c24000 	/System/Library/PrivateFrameworks/AppleVA.framework/Versions/A/AppleVA
0x00007fff69cca000 	/usr/lib/libspindump.dylib
0x00007fff42d8b000 	/System/Library/PrivateFrameworks/AXCoreUtilities.framework/Versions/A/AXCoreUtilities
0x00007fff35bac000 	/System/Library/Frameworks/MediaAccessibility.framework/Versions/A/MediaAccessibility
0x00007fff535e0000 	/System/Library/PrivateFrameworks/GraphicsServices.framework/Versions/A/GraphicsServices
0x00007fff49509000 	/System/Library/PrivateFrameworks/CoreOptimization.framework/Versions/A/CoreOptimization
0x00007fff5cf2a000 	/System/Library/PrivateFrameworks/RemoteServiceDiscovery.framework/Versions/A/RemoteServiceDiscovery
0x00007fff5cf74000 	/System/Library/PrivateFrameworks/RemoteXPC.framework/Versions/A/RemoteXPC
0x00007fff67a91000 	/usr/lib/libMatch.1.dylib
0x00007fff642b1000 	/System/Library/PrivateFrameworks/WirelessDiagnostics.framework/Versions/A/WirelessDiagnostics
0x00007fff63f64000 	/System/Library/PrivateFrameworks/WirelessDiagnostics.framework/Versions/A/Libraries/libAWDSupportFramework.dylib
0x00007fff63f28000 	/System/Library/PrivateFrameworks/WirelessDiagnostics.framework/Versions/A/Libraries/libAWDSupport.dylib
0x00007fff64245000 	/System/Library/PrivateFrameworks/WirelessDiagnostics.framework/Versions/A/Libraries/libprotobuf-lite.dylib
0x00007fff67c5b000 	/usr/lib/libTelephonyUtilDynamic.dylib
0x00007fff64257000 	/System/Library/PrivateFrameworks/WirelessDiagnostics.framework/Versions/A/Libraries/libprotobuf.dylib
0x00007fff4a092000 	/System/Library/PrivateFrameworks/CoreServicesInternal.framework/Versions/A/CoreServicesInternal
0x00007fff333cb000 	/System/Library/Frameworks/FileProvider.framework/Versions/A/FileProvider
0x00007fff2df2a000 	/System/Library/Frameworks/Accounts.framework/Versions/A/Accounts
0x00007fff5247d000 	/System/Library/PrivateFrameworks/GenerationalStorage.framework/Versions/A/GenerationalStorage
0x00007fff4a619000 	/System/Library/PrivateFrameworks/CoreSymbolication.framework/Versions/A/CoreSymbolication
0x00007fff6142b000 	/System/Library/PrivateFrameworks/SymptomDiagnosticReporter.framework/Versions/A/SymptomDiagnosticReporter
0x00007fff43dce000 	/System/Library/PrivateFrameworks/AppContainer.framework/Versions/A/AppContainer
0x00007fff62b3b000 	/System/Library/PrivateFrameworks/UserManagement.framework/Versions/A/UserManagement
0x00007fff46b74000 	/System/Library/PrivateFrameworks/ChunkingLibrary.framework/Versions/A/ChunkingLibrary
0x00007fff4ad9b000 	/System/Library/PrivateFrameworks/DebugSymbols.framework/Versions/A/DebugSymbols
0x00007fff43e40000 	/System/Library/PrivateFrameworks/AppSandbox.framework/Versions/A/AppSandbox
0x00007fff5e9f4000 	/System/Library/PrivateFrameworks/SecCodeWrapper.framework/Versions/A/SecCodeWrapper
0x000000010f033000 	/usr/lib/libobjc-trampolines.dylib
0x00007fff4d514000 	/System/Library/PrivateFrameworks/FontServices.framework/libTrueTypeScaler.dylib
0x00007fff2ca43000 	/System/Library/Frameworks/Accelerate.framework/Versions/A/Frameworks/vImage.framework/Versions/A/Libraries/libCGInterfaces.dylib
0x00007fff23ead000 	/System/Library/CoreServices/RawCamera.bundle/Contents/MacOS/RawCamera
0x00007fff57975000 	/System/Library/PrivateFrameworks/MobileAsset.framework/Versions/A/MobileAsset
0x00007fff612d3000 	/System/Library/PrivateFrameworks/StreamingZip.framework/Versions/A/StreamingZip
0x00007fff35c82000 	/System/Library/Frameworks/MediaToolbox.framework/Versions/A/MediaToolbox
0x00007fff48588000 	/System/Library/PrivateFrameworks/CoreAVCHD.framework/Versions/A/CoreAVCHD
0x00007fff56d29000 	/System/Library/PrivateFrameworks/Mangrove.framework/Versions/A/Mangrove
0x00007fff56f95000 	/System/Library/PrivateFrameworks/MediaExperience.framework/Versions/A/MediaExperience
0x00007fff481b2000 	/System/Library/PrivateFrameworks/CoreAUC.framework/Versions/A/CoreAUC
0x00007fff4520f000 	/System/Library/PrivateFrameworks/AudioResourceArbitration.framework/Versions/A/AudioResourceArbitration
0x00007fff26cdc000 	/System/Library/Extensions/AppleIntelHD4000GraphicsMTLDriver.bundle/Contents/MacOS/AppleIntelHD4000GraphicsMTLDriver
0x00007fff50a9d000 	/System/Library/PrivateFrameworks/GPUCompiler.framework/Versions/3902/Libraries/libmetal_timestamp.dylib
0x00007fff3c7d5000 	/System/Library/Frameworks/Quartz.framework/Versions/A/Quartz
0x00007fff3c1e4000 	/System/Library/Frameworks/Quartz.framework/Versions/A/Frameworks/QuartzComposer.framework/Versions/A/QuartzComposer
0x00007fff3b9ca000 	/System/Library/Frameworks/PDFKit.framework/Versions/A/PDFKit
0x00007fff3c6a4000 	/System/Library/Frameworks/Quartz.framework/Versions/A/Frameworks/QuartzFilters.framework/Versions/A/QuartzFilters
0x00007fff3bf9d000 	/System/Library/Frameworks/Quartz.framework/Versions/A/Frameworks/ImageKit.framework/Versions/A/ImageKit
0x00007fff3c6ca000 	/System/Library/Frameworks/Quartz.framework/Versions/A/Frameworks/QuickLookUI.framework/Versions/A/QuickLookUI
0x00007fff4950e000 	/System/Library/PrivateFrameworks/CorePDF.framework/Versions/A/CorePDF
0x00007fff3ca5a000 	/System/Library/Frameworks/QuickLook.framework/Versions/A/QuickLook
0x00007fff4b3ad000 	/System/Library/PrivateFrameworks/DisplayServices.framework/Versions/A/DisplayServices
0x00007fff33d20000 	/System/Library/Frameworks/ImageCaptureCore.framework/Versions/A/ImageCaptureCore
0x00007fff2c65a000 	/System/Library/Frameworks/AVFoundation.framework/Versions/A/AVFoundation
0x00007fff5cc00000 	/System/Library/PrivateFrameworks/QuickLookSupport.framework/Versions/A/QuickLookSupport
0x00007fff4b2d9000 	/System/Library/PrivateFrameworks/DiskManagement.framework/Versions/A/DiskManagement
0x00007fff3cab4000 	/System/Library/Frameworks/QuickLookThumbnailing.framework/Versions/A/QuickLookThumbnailing
0x00007fff2c856000 	/System/Library/Frameworks/AVFoundation.framework/Versions/A/Frameworks/AVFAudio.framework/Versions/A/AVFAudio
0x00007fff3214f000 	/System/Library/Frameworks/CoreMediaIO.framework/Versions/A/CoreMediaIO
0x00007fff6766f000 	/usr/lib/libAudioStatistics.dylib
0x00007fff64bde000 	/System/Library/PrivateFrameworks/perfdata.framework/Versions/A/perfdata
0x00007fff69c14000 	/usr/lib/libperfcheck.dylib
0x00007fff67b67000 	/usr/lib/libSMC.dylib
0x00007fff57020000 	/System/Library/PrivateFrameworks/MediaKit.framework/Versions/A/MediaKit
0x00007fff33101000 	/System/Library/Frameworks/DiscRecording.framework/Versions/A/DiscRecording
0x00007fff676f8000 	/usr/lib/libCoreStorage.dylib
0x00007fff68905000 	/usr/lib/libcsfde.dylib
0x00007fff4b48f000 	/System/Library/PrivateFrameworks/EFILogin.framework/Versions/A/EFILogin
0x00007fff5ca76000 	/System/Library/PrivateFrameworks/ProtectedCloudStorage.framework/Versions/A/ProtectedCloudStorage
0x00007fff48702000 	/System/Library/PrivateFrameworks/CoreBrightness.framework/Versions/A/CoreBrightness
0x00007fff53648000 	/System/Library/PrivateFrameworks/HID.framework/Versions/A/HID
0x00007fff3cfba000 	/System/Library/Frameworks/SafariServices.framework/Versions/A/SafariServices
0x00007fff5cbfc000 	/System/Library/PrivateFrameworks/QuickLookNonBaseSystem.framework/Versions/A/QuickLookNonBaseSystem
0x00007fff63907000 	/System/Library/PrivateFrameworks/ViewBridge.framework/Versions/A/ViewBridge
0x00007fff56eea000 	/System/Library/PrivateFrameworks/MarkupUI.framework/Versions/A/MarkupUI
0x00007fff5ed09000 	/System/Library/PrivateFrameworks/SidecarCore.framework/Versions/A/SidecarCore
0x00007fff43c82000 	/System/Library/PrivateFrameworks/AnnotationKit.framework/Versions/A/AnnotationKit
0x00007fff3babe000 	/System/Library/Frameworks/PencilKit.framework/Versions/A/PencilKit
0x00007fff5ed2a000 	/System/Library/PrivateFrameworks/SidecarUI.framework/Versions/A/SidecarUI
0x00007fff48d57000 	/System/Library/PrivateFrameworks/CoreHandwriting.framework/Versions/A/CoreHandwriting
0x00007fff3649d000 	/System/Library/Frameworks/MetalKit.framework/Versions/A/MetalKit
0x00007fff57d8c000 	/System/Library/PrivateFrameworks/Montreal.framework/Versions/A/Montreal
0x00007fff31d70000 	/System/Library/Frameworks/CoreML.framework/Versions/A/CoreML
0x00007fff4b40b000 	/System/Library/PrivateFrameworks/DuetActivityScheduler.framework/Versions/A/DuetActivityScheduler
0x00007fff4bfdd000 	/System/Library/PrivateFrameworks/Espresso.framework/Versions/A/Espresso
0x00007fff48910000 	/System/Library/PrivateFrameworks/CoreDuet.framework/Versions/A/CoreDuet
0x00007fff48b1c000 	/System/Library/PrivateFrameworks/CoreDuetContext.framework/Versions/A/CoreDuetContext
0x00007fff5bbe7000 	/System/Library/PrivateFrameworks/PowerLog.framework/Versions/A/PowerLog
0x00007fff32be7000 	/System/Library/Frameworks/CoreTelephony.framework/Versions/A/CoreTelephony
0x00007fff48b7d000 	/System/Library/PrivateFrameworks/CoreDuetDebugLogging.framework/Versions/A/CoreDuetDebugLogging
0x00007fff44b12000 	/System/Library/PrivateFrameworks/ApplePushService.framework/Versions/A/ApplePushService
0x00007fff2fde2000 	/System/Library/Frameworks/CloudKit.framework/Versions/A/CloudKit
0x00007fff342be000 	/System/Library/Frameworks/Intents.framework/Versions/A/Intents
0x00007fff48b6a000 	/System/Library/PrivateFrameworks/CoreDuetDaemonProtocol.framework/Versions/A/CoreDuetDaemonProtocol
0x00007fff5cc6a000 	/System/Library/PrivateFrameworks/Rapport.framework/Versions/A/Rapport
0x00007fff48904000 	/System/Library/PrivateFrameworks/CoreDaemon.framework/Versions/B/CoreDaemon
0x00007fff44b39000 	/System/Library/PrivateFrameworks/AppleSRP.framework/Versions/A/AppleSRP
0x00007fff46112000 	/System/Library/PrivateFrameworks/C2.framework/Versions/A/C2
0x00007fff31cb3000 	/System/Library/Frameworks/CoreLocation.framework/Versions/A/CoreLocation
0x00007fff3be76000 	/System/Library/Frameworks/PushKit.framework/Versions/A/PushKit
0x00007fff3778d000 	/System/Library/Frameworks/NetworkExtension.framework/Versions/A/NetworkExtension
0x00007fff69ab2000 	/usr/lib/libnetworkextension.dylib
0x00007fff4b459000 	/System/Library/PrivateFrameworks/EAP8021X.framework/Versions/A/EAP8021X
0x00007fff524bc000 	/System/Library/PrivateFrameworks/GeoServices.framework/Versions/A/GeoServices
0x00007fff564b7000 	/System/Library/PrivateFrameworks/LocationSupport.framework/Versions/A/LocationSupport
0x00007fff5bb8c000 	/System/Library/PrivateFrameworks/PlugInKit.framework/Versions/A/PlugInKit
0x00007fff55f64000 	/System/Library/PrivateFrameworks/IntentsFoundation.framework/Versions/A/IntentsFoundation
0x00007fff64b99000 	/System/Library/PrivateFrameworks/login.framework/Versions/A/login
0x0000000110dd2000 	/Applications/Stata/utilities/java/macosx-x64/zulu-jdk11.0.13/zulu-11.jdk/Contents/Home/lib/jli/libjli.dylib
0x0000000111011000 	/Applications/Stata/utilities/java/macosx-x64/zulu-jdk11.0.13/zulu-11.jdk/Contents/Home/lib/server/libjvm.dylib
0x0000000110de7000 	/Applications/Stata/utilities/java/macosx-x64/zulu-jdk11.0.13/zulu-11.jdk/Contents/Home/lib/libverify.dylib
0x0000000110e7f000 	/Applications/Stata/utilities/java/macosx-x64/zulu-jdk11.0.13/zulu-11.jdk/Contents/Home/lib/libjava.dylib
0x0000000110df8000 	/Applications/Stata/utilities/java/macosx-x64/zulu-jdk11.0.13/zulu-11.jdk/Contents/Home/lib/libjimage.dylib
0x0000000110e04000 	/Applications/Stata/utilities/java/macosx-x64/zulu-jdk11.0.13/zulu-11.jdk/Contents/Home/lib/libzip.dylib
0x0000000110eb7000 	/Applications/Stata/utilities/java/macosx-x64/zulu-jdk11.0.13/zulu-11.jdk/Contents/Home/lib/libnio.dylib
0x0000000110eca000 	/Applications/Stata/utilities/java/macosx-x64/zulu-jdk11.0.13/zulu-11.jdk/Contents/Home/lib/libnet.dylib
0x00007fff46d1e000 	/System/Library/PrivateFrameworks/CloudDocs.framework/Versions/A/CloudDocs
0x00007fff60cb9000 	/System/Library/PrivateFrameworks/SpotlightIndex.framework/Versions/A/SpotlightIndex
0x00000001365f3000 	/Applications/Stata/utilities/java/macosx-x64/zulu-jdk11.0.13/zulu-11.jdk/Contents/Home/lib/libsunec.dylib
0x00007fff42f07000 	/System/Library/PrivateFrameworks/AccessibilityBundles.framework/Versions/A/AccessibilityBundles
0x000000011061e000 	/Applications/Stata/utilities/java/macosx-x64/zulu-jdk11.0.13/zulu-11.jdk/Contents/Home/lib/libextnet.dylib
0x00007fff6a0a4000 	/usr/lib/libusrtcp.dylib
0x00007fff614a5000 	/System/Library/PrivateFrameworks/SystemAdministration.framework/Versions/A/SystemAdministration
0x00007fff330f5000 	/System/Library/Frameworks/DirectoryService.framework/Versions/A/DirectoryService
0x00007fff4b210000 	/System/Library/PrivateFrameworks/DiskImages.framework/Versions/A/DiskImages
0x00007fff56534000 	/System/Library/PrivateFrameworks/LoginUIKit.framework/Versions/A/Frameworks/LoginUICore.framework/Versions/A/LoginUICore
0x00007fff69b85000 	/usr/lib/libodfde.dylib
0x00007fff68979000 	/usr/lib/libcurl.4.dylib
0x00007fff687fe000 	/usr/lib/libcrypto.44.dylib
0x00007fff69fa2000 	/usr/lib/libssl.46.dylib
0x00007fff3581b000 	/System/Library/Frameworks/LDAP.framework/Versions/A/LDAP
0x00007fff61e7d000 	/System/Library/PrivateFrameworks/TrustEvaluationAgent.framework/Versions/A/TrustEvaluationAgent
0x00007fff69cb7000 	/usr/lib/libsasl2.2.dylib
0x00007fff5ecea000 	/System/Library/PrivateFrameworks/Shortcut.framework/Versions/A/Shortcut
0x00007fff54239000 	/System/Library/PrivateFrameworks/HelpData.framework/Versions/A/HelpData
0x00000001380fc000 	/Applications/Stata/utilities/java/macosx-x64/zulu-jdk11.0.13/zulu-11.jdk/Contents/Home/lib/libawt.dylib
0x0000000135f8d000 	/Applications/Stata/utilities/java/macosx-x64/zulu-jdk11.0.13/zulu-11.jdk/Contents/Home/lib/libmlib_image.dylib
0x00007fff357fa000 	/System/Library/Frameworks/JavaVM.framework/Versions/A/Frameworks/JavaRuntimeSupport.framework/Versions/A/JavaRuntimeSupport
0x00007fff357f1000 	/System/Library/Frameworks/JavaVM.framework/Versions/A/Frameworks/JavaNativeFoundation.framework/Versions/A/JavaNativeFoundation
0x00007fff35802000 	/System/Library/Frameworks/JavaVM.framework/Versions/A/JavaVM
0x00007fff56030000 	/System/Library/PrivateFrameworks/JavaLaunching.framework/Versions/A/JavaLaunching
0x000000013819b000 	/Applications/Stata/utilities/java/macosx-x64/zulu-jdk11.0.13/zulu-11.jdk/Contents/Home/lib/libawt_lwawt.dylib
0x0000000136099000 	/Applications/Stata/utilities/java/macosx-x64/zulu-jdk11.0.13/zulu-11.jdk/Contents/Home/lib/libosxapp.dylib
0x00007fff333ac000 	/System/Library/Frameworks/ExceptionHandling.framework/Versions/A/ExceptionHandling
0x000000013a18d000 	/Applications/Stata/utilities/java/macosx-x64/zulu-jdk11.0.13/zulu-11.jdk/Contents/Home/lib/libfontmanager.dylib
0x000000013884a000 	/Applications/Stata/utilities/java/macosx-x64/zulu-jdk11.0.13/zulu-11.jdk/Contents/Home/lib/libfreetype.dylib
0x000000010e7fd000 	/System/Library/Frameworks/FileProvider.framework/OverrideBundles/CloudDocsFileProvider.bundle/Contents/MacOS/CloudDocsFileProvider
0x00000001138af000 	/System/Library/Frameworks/FileProvider.framework/OverrideBundles/FileProviderOverride.bundle/Contents/MacOS/FileProviderOverride
0x0000000135f53000 	/System/Library/Frameworks/FileProvider.framework/OverrideBundles/FinderSyncCollaborationFileProviderOverride.bundle/Contents/MacOS/FinderSyncCollaborationFileProviderOverride
0x00007fff4d395000 	/System/Library/PrivateFrameworks/FinderSyncPriv.framework/Versions/A/FinderSyncPriv
0x00007fff4ac9a000 	/System/Library/PrivateFrameworks/DataDetectors.framework/Versions/A/DataDetectors
0x00007fff56593000 	/System/Library/PrivateFrameworks/Lookup.framework/Versions/A/Lookup
0x00007fff436e3000 	/System/Library/PrivateFrameworks/AddressBookCore.framework/Versions/A/AddressBookCore
0x00007fff5a2ca000 	/System/Library/PrivateFrameworks/PhoneNumbers.framework/Versions/A/PhoneNumbers
0x00007fff54fdf000 	/System/Library/PrivateFrameworks/IDS.framework/Versions/A/IDS
0x00007fff375ee000 	/System/Library/Frameworks/NaturalLanguage.framework/Versions/A/NaturalLanguage
0x00007fff47e31000 	/System/Library/PrivateFrameworks/ContactsPersistence.framework/Versions/A/ContactsPersistence
0x00007fff4647f000 	/System/Library/PrivateFrameworks/CalendarAgentLink.framework/Versions/A/CalendarAgentLink
0x00007fff30171000 	/System/Library/Frameworks/Contacts.framework/Versions/A/Contacts
0x00007fff47dac000 	/System/Library/PrivateFrameworks/ContactsFoundation.framework/Versions/A/ContactsFoundation
0x00007fff64beb000 	/System/Library/PrivateFrameworks/vCard.framework/Versions/A/vCard
0x00007fff44750000 	/System/Library/PrivateFrameworks/AppleLDAP.framework/Versions/A/AppleLDAP
0x00007fff46bc4000 	/System/Library/PrivateFrameworks/ClassKit.framework/Versions/A/ClassKit
0x00007fff4a279000 	/System/Library/PrivateFrameworks/CoreSuggestions.framework/Versions/A/CoreSuggestions
0x00007fff44239000 	/System/Library/PrivateFrameworks/AppSupport.framework/Versions/A/AppSupport
0x00007fff442ef000 	/System/Library/PrivateFrameworks/AppleAccount.framework/Versions/A/AppleAccount
0x00007fff446c6000 	/System/Library/PrivateFrameworks/AppleIDSSOAuthentication.framework/Versions/A/AppleIDSSOAuthentication
0x00007fff4308f000 	/System/Library/PrivateFrameworks/AccountsDaemon.framework/Versions/A/AccountsDaemon
0x00007fff58bca000 	/System/Library/PrivateFrameworks/OAuth.framework/Versions/A/OAuth
0x00007fff55838000 	/System/Library/PrivateFrameworks/IMFoundation.framework/Versions/A/IMFoundation
0x00007fff56ee9000 	/System/Library/PrivateFrameworks/Marco.framework/Versions/A/Marco
0x00007fff550de000 	/System/Library/PrivateFrameworks/IDSFoundation.framework/Versions/A/IDSFoundation
0x00007fff4bfc7000 	/System/Library/PrivateFrameworks/Engram.framework/Versions/A/Engram
0x00007fff6a051000 	/usr/lib/libtidy.A.dylib
0x00007fff3298b000 	/System/Library/Frameworks/CoreSpotlight.framework/Versions/A/CoreSpotlight
0x00007fff5c880000 	/System/Library/PrivateFrameworks/ProactiveEventTracker.framework/Versions/A/ProactiveEventTracker
0x00007fff5c927000 	/System/Library/PrivateFrameworks/ProactiveSupport.framework/Versions/A/ProactiveSupport
0x00007fff4ad51000 	/System/Library/PrivateFrameworks/DataDetectorsNaturalLanguage.framework/Versions/A/DataDetectorsNaturalLanguage
0x00007fff55f8d000 	/System/Library/PrivateFrameworks/InternationalTextSearch.framework/Versions/A/InternationalTextSearch
0x00007fff331fd000 	/System/Library/Frameworks/EventKit.framework/Versions/A/EventKit
0x00007fff5cff7000 	/System/Library/PrivateFrameworks/ResponseKit.framework/Versions/A/ResponseKit
0x00007fff46275000 	/System/Library/PrivateFrameworks/CalDAV.framework/Versions/A/CalDAV
0x00007fff464c3000 	/System/Library/PrivateFrameworks/CalendarFoundation.framework/Versions/A/CalendarFoundation
0x00007fff46572000 	/System/Library/PrivateFrameworks/CalendarPersistence.framework/Versions/A/CalendarPersistence
0x00007fff4c690000 	/System/Library/PrivateFrameworks/ExchangeWebServices.framework/Versions/A/ExchangeWebServices
0x00007fff64a1c000 	/System/Library/PrivateFrameworks/iCalendar.framework/Versions/A/iCalendar
0x00007fff48872000 	/System/Library/PrivateFrameworks/CoreDAV.framework/Versions/A/CoreDAV
0x00007fff5a112000 	/System/Library/PrivateFrameworks/PersonaKit.framework/Versions/A/PersonaKit
0x00007fff47d3f000 	/System/Library/PrivateFrameworks/ContactsAutocomplete.framework/Versions/A/ContactsAutocomplete
0x00007fff49f95000 	/System/Library/PrivateFrameworks/CoreRecents.framework/Versions/A/CoreRecents
0x00007fff5620c000 	/System/Library/PrivateFrameworks/KerberosHelper.framework/Versions/A/KerberosHelper
0x00007fff581d3000 	/System/Library/PrivateFrameworks/NLP.framework/Versions/A/NLP


VM Arguments:
jvm_args: -Xmx4096M -Xss2M -XX:ErrorFile=/dev/null 
java_command: <unknown>
java_class_path (initial): /Applications/Stata/utilities/jar/aspose-words-18.11-jdk16.jar:/Applications/Stata/utilities/jar/libstata-core.jar:/Applications/Stata/utilities/jar/libdeps-core.jar:/Applications/Stata/utilities/jar/sfi-api.jar:
Launcher Type: generic

[Global flags]
     intx CICompilerCount                          = 3                                         {product} {ergonomic}
     uint ConcGCThreads                            = 1                                         {product} {ergonomic}
    ccstr ErrorFile                                = /dev/null                                 {product} {command line}
     uint G1ConcRefinementThreads                  = 4                                         {product} {ergonomic}
   size_t G1HeapRegionSize                         = 1048576                                   {product} {ergonomic}
    uintx GCDrainStackTargetSize                   = 64                                        {product} {ergonomic}
   size_t InitialHeapSize                          = 67108864                                  {product} {ergonomic}
   size_t MarkStackSize                            = 4194304                                   {product} {ergonomic}
   size_t MaxHeapSize                              = 4294967296                                {product} {command line}
   size_t MaxNewSize                               = 2576351232                                {product} {ergonomic}
   size_t MinHeapDeltaBytes                        = 1048576                                   {product} {ergonomic}
    uintx NonNMethodCodeHeapSize                   = 5830732                                {pd product} {ergonomic}
    uintx NonProfiledCodeHeapSize                  = 122913754                              {pd product} {ergonomic}
    uintx ProfiledCodeHeapSize                     = 122913754                              {pd product} {ergonomic}
    uintx ReservedCodeCacheSize                    = 251658240                              {pd product} {ergonomic}
     bool SegmentedCodeCache                       = true                                      {product} {ergonomic}
     intx ThreadStackSize                          = 2048                                   {pd product} {command line}
     bool UseCompressedClassPointers               = true                                 {lp64_product} {ergonomic}
     bool UseCompressedOops                        = true                                 {lp64_product} {ergonomic}
     bool UseG1GC                                  = true                                      {product} {ergonomic}

Logging:
Log output configuration:
 #0: stdout all=warning uptime,level,tags
 #1: stderr all=off uptime,level,tags

Environment Variables:
PATH=/usr/bin:/bin:/usr/sbin:/sbin:/Applications/Stata/utilities/java/macosx-x64/zulu-jdk11.0.13/bin
SHELL=/bin/bash
LANG=en_US.UTF-8

Signal Handlers:
SIGSEGV: [libjvm.dylib+0x7cbaf4], sa_mask[0]=11111111011111110111111111111111, sa_flags=SA_ONSTACK|SA_RESTART|SA_SIGINFO
SIGBUS: [libjvm.dylib+0x7cbaf4], sa_mask[0]=11111111011111110111111111111111, sa_flags=SA_RESTART|SA_SIGINFO
SIGFPE: [libjvm.dylib+0x7cbaf4], sa_mask[0]=11111111011111110111111111111111, sa_flags=SA_RESTART|SA_SIGINFO
SIGPIPE: [libjvm.dylib+0x632668], sa_mask[0]=11111111011111110111111111111111, sa_flags=SA_RESTART|SA_SIGINFO
SIGXFSZ: [libjvm.dylib+0x632668], sa_mask[0]=11111111011111110111111111111111, sa_flags=SA_RESTART|SA_SIGINFO
SIGILL: [libjvm.dylib+0x7cbaf4], sa_mask[0]=11111111011111110111111111111111, sa_flags=SA_RESTART|SA_SIGINFO
SIGUSR2: [libjvm.dylib+0x632c3c], sa_mask[0]=00000000000000000000000000000000, sa_flags=SA_RESTART|SA_SIGINFO
SIGHUP: [libjvm.dylib+0x6317ab], sa_mask[0]=11111111011111110111111111111111, sa_flags=SA_RESTART|SA_SIGINFO
SIGINT: [libjvm.dylib+0x6317ab], sa_mask[0]=11111111011111110111111111111111, sa_flags=SA_RESTART|SA_SIGINFO
SIGTERM: [libjvm.dylib+0x6317ab], sa_mask[0]=11111111011111110111111111111111, sa_flags=SA_RESTART|SA_SIGINFO
SIGQUIT: [libjvm.dylib+0x6317ab], sa_mask[0]=11111111011111110111111111111111, sa_flags=SA_RESTART|SA_SIGINFO


---------------  S Y S T E M  ---------------

OS:uname:Darwin 19.6.0 Darwin Kernel Version 19.6.0: Sun Nov 14 19:58:51 PST 2021; root:xnu-6153.141.50~1/RELEASE_X86_64 x86_64
OS uptime: 15 days 18:40 hours
rlimit (soft/hard): STACK 8192k/65532k , CORE 0k/infinity , NPROC 1392/2088 , NOFILE 10240/infinity , AS infinity/infinity , CPU infinity/infinity , DATA infinity/infinity , FSIZE infinity/infinity , MEMLOCK infinity/infinity , RSS infinity/infinity
load average:1.84 3.87 4.61

CPU:total 4 (initial active 4) (2 cores per cpu, 2 threads per core) family 6 model 58 stepping 9 microcode 0x21, cmov, cx8, fxsr, mmx, sse, sse2, sse3, ssse3, sse4.1, sse4.2, popcnt, avx, aes, clmul, erms, ht, tsc, tscinvbit, tscinv

Memory: 4k page, physical 4194304k(29620k free), swap 2097152k(1091328k free)

vm_info: OpenJDK 64-Bit Server VM (11.0.13+8-LTS) for bsd-amd64 JRE (Zulu11.52+13-CA) (11.0.13+8-LTS), built on Oct  7 2021 08:55:14 by "zulu_re" with clang 4.2.1 Compatible Apple LLVM 11.0.0 (clang-1100.0.33.17)

END.
